
*** Running vivado
    with args -log mac.vds -m64 -product Vivado -mode batch -messageDb vivado.pb -notrace -source mac.tcl


****** Vivado v2023.1.1 (64-bit)
  **** SW Build 3900603 on Fri Jun 16 19:30:25 MDT 2023
  **** IP Build 3900379 on Sat Jun 17 05:28:05 MDT 2023
  **** SharedData Build 3899622 on Fri Jun 16 03:34:24 MDT 2023
    ** Copyright 1986-2022 Xilinx, Inc. All Rights Reserved.
    ** Copyright 2022-2023 Advanced Micro Devices, Inc. All Rights Reserved.

source mac.tcl -notrace
create_project: Time (s): cpu = 00:00:08 ; elapsed = 00:00:08 . Memory (MB): peak = 1330.844 ; gain = 0.023 ; free physical = 231 ; free virtual = 3255
Command: read_checkpoint -auto_incremental -incremental /home/kanish/System_Design_through_FPGA/Vivado/dsp_macro/dsp_macro.srcs/utils_1/imports/synth_1/mac.dcp
INFO: [Vivado 12-5825] Read reference checkpoint from /home/kanish/System_Design_through_FPGA/Vivado/dsp_macro/dsp_macro.srcs/utils_1/imports/synth_1/mac.dcp for incremental synthesis
INFO: [Vivado 12-7989] Please ensure there are no constraint changes
Command: synth_design -top mac -part xc7a35tcpg236-1
Starting synth_design
Attempting to get a license for feature 'Synthesis' and/or device 'xc7a35t'
INFO: [Common 17-349] Got license for feature 'Synthesis' and/or device 'xc7a35t'
INFO: [Designutils 20-5440] No compile time benefit to using incremental synthesis; A full resynthesis will be run
INFO: [Designutils 20-4379] Flow is switching to default flow due to incremental criteria not met. If you would like to alter this behaviour and have the flow terminate instead, please set the following parameter config_implementation {autoIncr.Synth.RejectBehavior Terminate}
INFO: [Synth 8-7079] Multithreading enabled for synth_design using a maximum of 4 processes.
INFO: [Synth 8-7078] Launching helper process for spawning children vivado processes
INFO: [Synth 8-7075] Helper process launched with PID 46378
---------------------------------------------------------------------------------
Starting Synthesize : Time (s): cpu = 00:00:04 ; elapsed = 00:00:04 . Memory (MB): peak = 1724.488 ; gain = 383.738 ; free physical = 133 ; free virtual = 2645
---------------------------------------------------------------------------------
INFO: [Synth 8-6157] synthesizing module 'mac' [/home/kanish/System_Design_through_FPGA/Vivado/dsp_macro/dsp_macro.srcs/sources_1/imports/Downloads/mac.v:23]
INFO: [Synth 8-6157] synthesizing module 'xil_internal_svlib_MACC_MACRO' [/home/kanish/Xilinx/Vivado/2023.1/data/verilog/src/unimacro/MACC_MACRO.v:23]
	Parameter DEVICE bound to: 7SERIES - type: string 
	Parameter LATENCY bound to: 2 - type: integer 
	Parameter WIDTH_A bound to: 4 - type: integer 
	Parameter WIDTH_B bound to: 4 - type: integer 
	Parameter WIDTH_P bound to: 9 - type: integer 
INFO: [Synth 8-6157] synthesizing module 'DSP48E1' [/home/kanish/Xilinx/Vivado/2023.1/scripts/rt/data/unisim_comp.v:37888]
	Parameter ACASCREG bound to: 1 - type: integer 
	Parameter ADREG bound to: 0 - type: integer 
	Parameter AREG bound to: 1 - type: integer 
	Parameter BCASCREG bound to: 1 - type: integer 
	Parameter BREG bound to: 1 - type: integer 
	Parameter DREG bound to: 0 - type: integer 
	Parameter MREG bound to: 0 - type: integer 
	Parameter PREG bound to: 1 - type: integer 
INFO: [Synth 8-6155] done synthesizing module 'DSP48E1' (0#1) [/home/kanish/Xilinx/Vivado/2023.1/scripts/rt/data/unisim_comp.v:37888]
INFO: [Synth 8-6155] done synthesizing module 'xil_internal_svlib_MACC_MACRO' (0#1) [/home/kanish/Xilinx/Vivado/2023.1/data/verilog/src/unimacro/MACC_MACRO.v:23]
INFO: [Synth 8-6155] done synthesizing module 'mac' (0#1) [/home/kanish/System_Design_through_FPGA/Vivado/dsp_macro/dsp_macro.srcs/sources_1/imports/Downloads/mac.v:23]
---------------------------------------------------------------------------------
Finished Synthesize : Time (s): cpu = 00:00:05 ; elapsed = 00:00:05 . Memory (MB): peak = 1790.457 ; gain = 449.707 ; free physical = 127 ; free virtual = 2554
---------------------------------------------------------------------------------
---------------------------------------------------------------------------------
Finished Constraint Validation : Time (s): cpu = 00:00:05 ; elapsed = 00:00:06 . Memory (MB): peak = 1805.301 ; gain = 464.551 ; free physical = 125 ; free virtual = 2552
---------------------------------------------------------------------------------
---------------------------------------------------------------------------------
Start Loading Part and Timing Information
---------------------------------------------------------------------------------
Loading part: xc7a35tcpg236-1
INFO: [Device 21-403] Loading part xc7a35tcpg236-1
---------------------------------------------------------------------------------
Finished Loading Part and Timing Information : Time (s): cpu = 00:00:05 ; elapsed = 00:00:06 . Memory (MB): peak = 1813.305 ; gain = 472.555 ; free physical = 124 ; free virtual = 2551
---------------------------------------------------------------------------------
---------------------------------------------------------------------------------
Finished RTL Optimization Phase 2 : Time (s): cpu = 00:00:06 ; elapsed = 00:00:06 . Memory (MB): peak = 1813.305 ; gain = 472.555 ; free physical = 127 ; free virtual = 2546
---------------------------------------------------------------------------------
No constraint files found.
---------------------------------------------------------------------------------
Start RTL Component Statistics 
---------------------------------------------------------------------------------
Detailed RTL Component Info : 
+---Muxes : 
	   2 Input   25 Bit        Muxes := 1     
	   2 Input   18 Bit        Muxes := 1     
---------------------------------------------------------------------------------
Finished RTL Component Statistics 
---------------------------------------------------------------------------------
---------------------------------------------------------------------------------
Start Part Resource Summary
---------------------------------------------------------------------------------
Part Resources:
DSPs: 90 (col length:60)
BRAMs: 100 (col length: RAMB18 60 RAMB36 30)
---------------------------------------------------------------------------------
Finished Part Resource Summary
---------------------------------------------------------------------------------
No constraint files found.
---------------------------------------------------------------------------------
Start Cross Boundary and Area Optimization
---------------------------------------------------------------------------------
WARNING: [Synth 8-7080] Parallel synthesis criteria is not met
---------------------------------------------------------------------------------
Finished Cross Boundary and Area Optimization : Time (s): cpu = 00:00:09 ; elapsed = 00:00:10 . Memory (MB): peak = 1942.555 ; gain = 601.805 ; free physical = 129 ; free virtual = 2427
---------------------------------------------------------------------------------
No constraint files found.
---------------------------------------------------------------------------------
Start Timing Optimization
---------------------------------------------------------------------------------
---------------------------------------------------------------------------------
Finished Timing Optimization : Time (s): cpu = 00:00:09 ; elapsed = 00:00:10 . Memory (MB): peak = 1942.555 ; gain = 601.805 ; free physical = 127 ; free virtual = 2425
---------------------------------------------------------------------------------
---------------------------------------------------------------------------------
Start Technology Mapping
---------------------------------------------------------------------------------
---------------------------------------------------------------------------------
Finished Technology Mapping : Time (s): cpu = 00:00:09 ; elapsed = 00:00:10 . Memory (MB): peak = 1942.555 ; gain = 601.805 ; free physical = 123 ; free virtual = 2421
---------------------------------------------------------------------------------
---------------------------------------------------------------------------------
Start IO Insertion
---------------------------------------------------------------------------------
---------------------------------------------------------------------------------
Start Flattening Before IO Insertion
---------------------------------------------------------------------------------
---------------------------------------------------------------------------------
Finished Flattening Before IO Insertion
---------------------------------------------------------------------------------
---------------------------------------------------------------------------------
Start Final Netlist Cleanup
---------------------------------------------------------------------------------
---------------------------------------------------------------------------------
Finished Final Netlist Cleanup
---------------------------------------------------------------------------------
---------------------------------------------------------------------------------
Finished IO Insertion : Time (s): cpu = 00:00:12 ; elapsed = 00:00:13 . Memory (MB): peak = 1942.555 ; gain = 601.805 ; free physical = 122 ; free virtual = 2421
---------------------------------------------------------------------------------
---------------------------------------------------------------------------------
Start Renaming Generated Instances
---------------------------------------------------------------------------------
---------------------------------------------------------------------------------
Finished Renaming Generated Instances : Time (s): cpu = 00:00:12 ; elapsed = 00:00:13 . Memory (MB): peak = 1942.555 ; gain = 601.805 ; free physical = 122 ; free virtual = 2421
---------------------------------------------------------------------------------
---------------------------------------------------------------------------------
Start Rebuilding User Hierarchy
---------------------------------------------------------------------------------
---------------------------------------------------------------------------------
Finished Rebuilding User Hierarchy : Time (s): cpu = 00:00:12 ; elapsed = 00:00:13 . Memory (MB): peak = 1942.555 ; gain = 601.805 ; free physical = 122 ; free virtual = 2421
---------------------------------------------------------------------------------
---------------------------------------------------------------------------------
Start Renaming Generated Ports
---------------------------------------------------------------------------------
---------------------------------------------------------------------------------
Finished Renaming Generated Ports : Time (s): cpu = 00:00:12 ; elapsed = 00:00:13 . Memory (MB): peak = 1942.555 ; gain = 601.805 ; free physical = 122 ; free virtual = 2421
---------------------------------------------------------------------------------
---------------------------------------------------------------------------------
Start Handling Custom Attributes
---------------------------------------------------------------------------------
---------------------------------------------------------------------------------
Finished Handling Custom Attributes : Time (s): cpu = 00:00:12 ; elapsed = 00:00:13 . Memory (MB): peak = 1942.555 ; gain = 601.805 ; free physical = 122 ; free virtual = 2421
---------------------------------------------------------------------------------
---------------------------------------------------------------------------------
Start Renaming Generated Nets
---------------------------------------------------------------------------------
---------------------------------------------------------------------------------
Finished Renaming Generated Nets : Time (s): cpu = 00:00:12 ; elapsed = 00:00:13 . Memory (MB): peak = 1942.555 ; gain = 601.805 ; free physical = 122 ; free virtual = 2421
---------------------------------------------------------------------------------
---------------------------------------------------------------------------------
Start Writing Synthesis Report
---------------------------------------------------------------------------------

DSP Final Report (the ' indicates corresponding REG is set)
+------------------------------+-------------+--------+--------+--------+--------+--------+------+------+------+------+-------+------+------+
|Module Name                   | DSP Mapping | A Size | B Size | C Size | D Size | P Size | AREG | BREG | CREG | DREG | ADREG | MREG | PREG | 
+------------------------------+-------------+--------+--------+--------+--------+--------+------+------+------+------+-------+------+------+
|xil_internal_svlib_MACC_MACRO | (C'+A'*B')' | 25     | 18     | 9      | -      | 9      | 1    | 1    | 1    | -    | -     | 0    | 1    | 
+------------------------------+-------------+--------+--------+--------+--------+--------+------+------+------+------+-------+------+------+


Report BlackBoxes: 
+-+--------------+----------+
| |BlackBox name |Instances |
+-+--------------+----------+
+-+--------------+----------+

Report Cell Usage: 
+------+--------+------+
|      |Cell    |Count |
+------+--------+------+
|1     |BUFG    |     1|
|2     |DSP48E1 |     1|
|3     |IBUF    |    10|
|4     |OBUF    |     9|
+------+--------+------+

Report Instance Areas: 
+------+------------------+------------------------------+------+
|      |Instance          |Module                        |Cells |
+------+------------------+------------------------------+------+
|1     |top               |                              |    21|
|2     |  MACC_MACRO_inst |xil_internal_svlib_MACC_MACRO |     1|
+------+------------------+------------------------------+------+
---------------------------------------------------------------------------------
Finished Writing Synthesis Report : Time (s): cpu = 00:00:12 ; elapsed = 00:00:13 . Memory (MB): peak = 1942.555 ; gain = 601.805 ; free physical = 122 ; free virtual = 2421
---------------------------------------------------------------------------------
Synthesis finished with 0 errors, 0 critical warnings and 1 warnings.
Synthesis Optimization Runtime : Time (s): cpu = 00:00:12 ; elapsed = 00:00:13 . Memory (MB): peak = 1942.555 ; gain = 601.805 ; free physical = 122 ; free virtual = 2421
Synthesis Optimization Complete : Time (s): cpu = 00:00:12 ; elapsed = 00:00:13 . Memory (MB): peak = 1942.562 ; gain = 601.805 ; free physical = 122 ; free virtual = 2421
INFO: [Project 1-571] Translating synthesized netlist
Netlist sorting complete. Time (s): cpu = 00:00:00 ; elapsed = 00:00:00 . Memory (MB): peak = 1948.492 ; gain = 0.000 ; free physical = 401 ; free virtual = 2695
INFO: [Netlist 29-17] Analyzing 1 Unisim elements for replacement
INFO: [Netlist 29-28] Unisim Transformation completed in 0 CPU seconds
INFO: [Project 1-570] Preparing netlist for logic optimization
INFO: [Opt 31-138] Pushed 0 inverter(s) to 0 load pin(s).
Netlist sorting complete. Time (s): cpu = 00:00:00 ; elapsed = 00:00:00 . Memory (MB): peak = 2028.148 ; gain = 0.000 ; free physical = 315 ; free virtual = 2620
INFO: [Project 1-111] Unisim Transformation Summary:
No Unisim elements were transformed.

Synth Design complete | Checksum: 2999fd84
INFO: [Common 17-83] Releasing license: Synthesis
22 Infos, 1 Warnings, 0 Critical Warnings and 0 Errors encountered.
synth_design completed successfully
synth_design: Time (s): cpu = 00:00:17 ; elapsed = 00:00:15 . Memory (MB): peak = 2028.148 ; gain = 697.305 ; free physical = 317 ; free virtual = 2621
INFO: [Common 17-2834] synth_design peak Physical Memory [PSS] (MB): overall = 1615.001; main = 1389.417; forked = 393.207
INFO: [Common 17-2834] synth_design peak Virtual Memory [VSS] (MB): overall = 2949.184; main = 2028.152; forked = 1006.625
INFO: [Common 17-1381] The checkpoint '/home/kanish/System_Design_through_FPGA/Vivado/dsp_macro/dsp_macro.runs/synth_1/mac.dcp' has been generated.
INFO: [runtcl-4] Executing : report_utilization -file mac_utilization_synth.rpt -pb mac_utilization_synth.pb
INFO: [Common 17-206] Exiting Vivado at Sat Sep  9 20:54:13 2023...
