#! /usr/bin/vvp
:ivl_version "11.0 (stable)";
:ivl_delay_selection "TYPICAL";
:vpi_time_precision - 12;
:vpi_module "/usr/lib/x86_64-linux-gnu/ivl/system.vpi";
:vpi_module "/usr/lib/x86_64-linux-gnu/ivl/vhdl_sys.vpi";
:vpi_module "/usr/lib/x86_64-linux-gnu/ivl/vhdl_textio.vpi";
:vpi_module "/usr/lib/x86_64-linux-gnu/ivl/v2005_math.vpi";
:vpi_module "/usr/lib/x86_64-linux-gnu/ivl/va_math.vpi";
S_0x564934542420 .scope module, "tb" "tb" 2 2;
 .timescale -9 -12;
v0x56493456ba20_0 .net "P", 47 0, v0x5649345197b0_0;  1 drivers
v0x56493456bb00_0 .var "a", 17 0;
v0x56493456bbd0_0 .var "b", 17 0;
v0x56493456bcd0_0 .var "c", 47 0;
v0x56493456bda0_0 .var "carryin", 0 0;
v0x56493456be40_0 .var "clk", 0 0;
v0x56493456bf10_0 .var "d", 17 0;
v0x56493456bfe0_0 .var/i "i", 31 0;
v0x56493456c080_0 .var "select", 1 0;
S_0x564934553310 .scope module, "DUT" "alu" 2 9, 3 1 0, S_0x564934542420;
 .timescale 0 0;
    .port_info 0 /INPUT 18 "a";
    .port_info 1 /INPUT 18 "b";
    .port_info 2 /INPUT 48 "c";
    .port_info 3 /INPUT 18 "d";
    .port_info 4 /INPUT 1 "carryin";
    .port_info 5 /INPUT 2 "select";
    .port_info 6 /OUTPUT 48 "P";
    .port_info 7 /INPUT 1 "clk";
v0x5649345197b0_0 .var "P", 47 0;
v0x564934519ba0_0 .net "a", 17 0, v0x56493456bb00_0;  1 drivers
v0x56493456b3a0_0 .net "b", 17 0, v0x56493456bbd0_0;  1 drivers
v0x56493456b460_0 .net "c", 47 0, v0x56493456bcd0_0;  1 drivers
v0x56493456b540_0 .net "carryin", 0 0, v0x56493456bda0_0;  1 drivers
v0x56493456b650_0 .net "clk", 0 0, v0x56493456be40_0;  1 drivers
v0x56493456b710_0 .net "d", 17 0, v0x56493456bf10_0;  1 drivers
v0x56493456b7f0_0 .net "select", 1 0, v0x56493456c080_0;  1 drivers
E_0x564934550fa0 .event posedge, v0x56493456b650_0;
    .scope S_0x564934553310;
T_0 ;
    %wait E_0x564934550fa0;
    %load/vec4 v0x56493456b7f0_0;
    %dup/vec4;
    %pushi/vec4 0, 0, 2;
    %cmp/u;
    %jmp/1 T_0.0, 6;
    %dup/vec4;
    %pushi/vec4 1, 0, 2;
    %cmp/u;
    %jmp/1 T_0.1, 6;
    %dup/vec4;
    %pushi/vec4 2, 0, 2;
    %cmp/u;
    %jmp/1 T_0.2, 6;
    %dup/vec4;
    %pushi/vec4 3, 0, 2;
    %cmp/u;
    %jmp/1 T_0.3, 6;
    %jmp T_0.4;
T_0.0 ;
    %load/vec4 v0x564934519ba0_0;
    %pad/u 48;
    %load/vec4 v0x56493456b3a0_0;
    %pad/u 48;
    %or;
    %load/vec4 v0x56493456b710_0;
    %pad/u 48;
    %and;
    %inv;
    %store/vec4 v0x5649345197b0_0, 0, 48;
    %jmp T_0.4;
T_0.1 ;
    %load/vec4 v0x564934519ba0_0;
    %pad/u 48;
    %load/vec4 v0x56493456b3a0_0;
    %pad/u 48;
    %mul;
    %load/vec4 v0x56493456b710_0;
    %pad/u 48;
    %add;
    %load/vec4 v0x56493456b540_0;
    %pad/u 48;
    %add;
    %store/vec4 v0x5649345197b0_0, 0, 48;
    %jmp T_0.4;
T_0.2 ;
    %load/vec4 v0x56493456b460_0;
    %inv;
    %store/vec4 v0x5649345197b0_0, 0, 48;
    %jmp T_0.4;
T_0.3 ;
    %load/vec4 v0x56493456b460_0;
    %load/vec4 v0x564934519ba0_0;
    %pad/u 48;
    %sub;
    %load/vec4 v0x56493456b3a0_0;
    %pad/u 48;
    %sub;
    %load/vec4 v0x56493456b710_0;
    %pad/u 48;
    %sub;
    %load/vec4 v0x56493456b540_0;
    %pad/u 48;
    %sub;
    %store/vec4 v0x5649345197b0_0, 0, 48;
    %jmp T_0.4;
T_0.4 ;
    %pop/vec4 1;
    %jmp T_0;
    .thread T_0;
    .scope S_0x564934542420;
T_1 ;
    %pushi/vec4 0, 0, 1;
    %store/vec4 v0x56493456be40_0, 0, 1;
T_1.0 ;
    %delay 5000, 0;
    %load/vec4 v0x56493456be40_0;
    %inv;
    %store/vec4 v0x56493456be40_0, 0, 1;
    %jmp T_1.0;
    %end;
    .thread T_1;
    .scope S_0x564934542420;
T_2 ;
    %vpi_call 2 21 "$dumpfile", "alu.vcd" {0 0 0};
    %vpi_call 2 22 "$dumpvars", 32'sb00000000000000000000000000000000, S_0x564934542420 {0 0 0};
    %pushi/vec4 1, 0, 1;
    %store/vec4 v0x56493456bda0_0, 0, 1;
    %pushi/vec4 74565, 0, 18;
    %store/vec4 v0x56493456bb00_0, 0, 18;
    %pushi/vec4 144470, 0, 18;
    %store/vec4 v0x56493456bbd0_0, 0, 18;
    %pushi/vec4 214375, 0, 18;
    %store/vec4 v0x56493456bf10_0, 0, 18;
    %pushi/vec4 2328826711, 0, 33;
    %concati/vec4 19951, 0, 15;
    %store/vec4 v0x56493456bcd0_0, 0, 48;
    %pushi/vec4 0, 0, 32;
    %store/vec4 v0x56493456bfe0_0, 0, 32;
T_2.0 ;
    %load/vec4 v0x56493456bfe0_0;
    %cmpi/s 4, 0, 32;
    %jmp/0xz T_2.1, 5;
    %load/vec4 v0x56493456bfe0_0;
    %pad/s 2;
    %store/vec4 v0x56493456c080_0, 0, 2;
    %delay 10000, 0;
    %load/vec4 v0x56493456bfe0_0;
    %addi 1, 0, 32;
    %store/vec4 v0x56493456bfe0_0, 0, 32;
    %jmp T_2.0;
T_2.1 ;
    %delay 10000, 0;
    %vpi_call 2 34 "$finish" {0 0 0};
    %end;
    .thread T_2;
    .scope S_0x564934542420;
T_3 ;
    %vpi_call 2 37 "$monitor", $time, " a = %h , b = %h, c = %h, d = %h, carryin = %b, sel = %b, P = %h", v0x56493456bb00_0, v0x56493456bbd0_0, v0x56493456bcd0_0, v0x56493456bf10_0, v0x56493456bda0_0, v0x56493456c080_0, v0x56493456ba20_0 {0 0 0};
    %end;
    .thread T_3;
# The file index is used to find the file name in the following table.
:file_names 4;
    "N/A";
    "<interactive>";
    "tb.v";
    "alu.v";
