
*** Running vivado
    with args -log dflipflop.vdi -applog -m64 -product Vivado -messageDb vivado.pb -mode batch -source dflipflop.tcl -notrace


****** Vivado v2023.1.1 (64-bit)
  **** SW Build 3900603 on Fri Jun 16 19:30:25 MDT 2023
  **** IP Build 3900379 on Sat Jun 17 05:28:05 MDT 2023
  **** SharedData Build 3899622 on Fri Jun 16 03:34:24 MDT 2023
    ** Copyright 1986-2022 Xilinx, Inc. All Rights Reserved.
    ** Copyright 2022-2023 Advanced Micro Devices, Inc. All Rights Reserved.

source dflipflop.tcl -notrace
create_project: Time (s): cpu = 00:00:07 ; elapsed = 00:00:07 . Memory (MB): peak = 1345.832 ; gain = 0.023 ; free physical = 1700 ; free virtual = 4359
Command: link_design -top dflipflop -part xc7a35tcpg236-1
Design is defaulting to srcset: sources_1
Design is defaulting to constrset: constrs_1
INFO: [Device 21-403] Loading part xc7a35tcpg236-1
Netlist sorting complete. Time (s): cpu = 00:00:00 ; elapsed = 00:00:00 . Memory (MB): peak = 1654.934 ; gain = 0.000 ; free physical = 1416 ; free virtual = 4075
INFO: [Project 1-479] Netlist was created with Vivado 2023.1.1
INFO: [Project 1-570] Preparing netlist for logic optimization
Parsing XDC File [/home/kanish/System_Design_through_FPGA/Vivado/dff/dff.srcs/constrs_1/new/dff_constraints.xdc]
INFO: [Constraints 18-483] create_clock: no pin(s)/port(s)/net(s) specified as objects, only virtual clock 'clk' will be created. If you don't want this, please specify pin(s)/ports(s)/net(s) as objects to the command. [/home/kanish/System_Design_through_FPGA/Vivado/dff/dff.srcs/constrs_1/new/dff_constraints.xdc:6]
WARNING: [Constraints 18-619] A clock with name 'clk' already exists, overwriting the previous clock with the same name. [/home/kanish/System_Design_through_FPGA/Vivado/dff/dff.srcs/constrs_1/new/dff_constraints.xdc:7]
Finished Parsing XDC File [/home/kanish/System_Design_through_FPGA/Vivado/dff/dff.srcs/constrs_1/new/dff_constraints.xdc]
INFO: [Opt 31-138] Pushed 0 inverter(s) to 0 load pin(s).
Netlist sorting complete. Time (s): cpu = 00:00:00 ; elapsed = 00:00:00 . Memory (MB): peak = 1759.434 ; gain = 0.000 ; free physical = 1304 ; free virtual = 3963
INFO: [Project 1-111] Unisim Transformation Summary:
No Unisim elements were transformed.

6 Infos, 1 Warnings, 0 Critical Warnings and 0 Errors encountered.
link_design completed successfully
Command: opt_design
Attempting to get a license for feature 'Implementation' and/or device 'xc7a35t'
INFO: [Common 17-349] Got license for feature 'Implementation' and/or device 'xc7a35t'
Running DRC as a precondition to command opt_design

Starting DRC Task
INFO: [DRC 23-27] Running DRC with 8 threads
INFO: [Project 1-461] DRC finished with 0 Errors
INFO: [Project 1-462] Please refer to the DRC report (report_drc) for more information.

Time (s): cpu = 00:00:00.33 ; elapsed = 00:00:00.29 . Memory (MB): peak = 1839.309 ; gain = 76.906 ; free physical = 1289 ; free virtual = 3948

Starting Cache Timing Information Task
INFO: [Constraints 18-483] create_clock: no pin(s)/port(s)/net(s) specified as objects, only virtual clock 'clk' will be created. If you don't want this, please specify pin(s)/ports(s)/net(s) as objects to the command. [/home/kanish/System_Design_through_FPGA/Vivado/dff/dff.srcs/constrs_1/new/dff_constraints.xdc:6]
INFO: [Timing 38-35] Done setting XDC timing constraints.
Ending Cache Timing Information Task | Checksum: 1157c0b52

Time (s): cpu = 00:00:05 ; elapsed = 00:00:05 . Memory (MB): peak = 2282.168 ; gain = 442.859 ; free physical = 879 ; free virtual = 3536

Starting Logic Optimization Task

Phase 1 Retarget
INFO: [Opt 31-138] Pushed 0 inverter(s) to 0 load pin(s).
INFO: [Opt 31-49] Retargeted 0 cell(s).
Phase 1 Retarget | Checksum: 1157c0b52

Time (s): cpu = 00:00:00.01 ; elapsed = 00:00:00.01 . Memory (MB): peak = 2565.059 ; gain = 0.000 ; free physical = 595 ; free virtual = 3252
INFO: [Opt 31-389] Phase Retarget created 0 cells and removed 0 cells

Phase 2 Constant propagation
INFO: [Opt 31-138] Pushed 0 inverter(s) to 0 load pin(s).
Phase 2 Constant propagation | Checksum: 1157c0b52

Time (s): cpu = 00:00:00.01 ; elapsed = 00:00:00.01 . Memory (MB): peak = 2565.059 ; gain = 0.000 ; free physical = 595 ; free virtual = 3252
INFO: [Opt 31-389] Phase Constant propagation created 0 cells and removed 0 cells

Phase 3 Sweep
Phase 3 Sweep | Checksum: 1157c0b52

Time (s): cpu = 00:00:00.01 ; elapsed = 00:00:00.01 . Memory (MB): peak = 2565.059 ; gain = 0.000 ; free physical = 595 ; free virtual = 3252
INFO: [Opt 31-389] Phase Sweep created 0 cells and removed 0 cells

Phase 4 BUFG optimization
Phase 4 BUFG optimization | Checksum: 1157c0b52

Time (s): cpu = 00:00:00.01 ; elapsed = 00:00:00.02 . Memory (MB): peak = 2597.074 ; gain = 32.016 ; free physical = 595 ; free virtual = 3252
INFO: [Opt 31-662] Phase BUFG optimization created 0 cells of which 0 are BUFGs and removed 0 cells.

Phase 5 Shift Register Optimization
INFO: [Opt 31-1064] SRL Remap converted 0 SRLs to 0 registers and converted 0 registers of register chains to 0 SRLs
Phase 5 Shift Register Optimization | Checksum: 1157c0b52

Time (s): cpu = 00:00:00.02 ; elapsed = 00:00:00.02 . Memory (MB): peak = 2597.074 ; gain = 32.016 ; free physical = 595 ; free virtual = 3252
INFO: [Opt 31-389] Phase Shift Register Optimization created 0 cells and removed 0 cells

Phase 6 Post Processing Netlist
Phase 6 Post Processing Netlist | Checksum: 1157c0b52

Time (s): cpu = 00:00:00.02 ; elapsed = 00:00:00.02 . Memory (MB): peak = 2597.074 ; gain = 32.016 ; free physical = 595 ; free virtual = 3252
INFO: [Opt 31-389] Phase Post Processing Netlist created 0 cells and removed 0 cells
Opt_design Change Summary
=========================


-------------------------------------------------------------------------------------------------------------------------
|  Phase                        |  #Cells created  |  #Cells Removed  |  #Constrained objects preventing optimizations  |
-------------------------------------------------------------------------------------------------------------------------
|  Retarget                     |               0  |               0  |                                              0  |
|  Constant propagation         |               0  |               0  |                                              0  |
|  Sweep                        |               0  |               0  |                                              0  |
|  BUFG optimization            |               0  |               0  |                                              0  |
|  Shift Register Optimization  |               0  |               0  |                                              0  |
|  Post Processing Netlist      |               0  |               0  |                                              0  |
-------------------------------------------------------------------------------------------------------------------------



Starting Connectivity Check Task

Time (s): cpu = 00:00:00 ; elapsed = 00:00:00 . Memory (MB): peak = 2597.074 ; gain = 0.000 ; free physical = 595 ; free virtual = 3252
Ending Logic Optimization Task | Checksum: 1157c0b52

Time (s): cpu = 00:00:00.02 ; elapsed = 00:00:00.02 . Memory (MB): peak = 2597.074 ; gain = 32.016 ; free physical = 595 ; free virtual = 3252

Starting Power Optimization Task
INFO: [Pwropt 34-132] Skipping clock gating for clocks with a period < 2.00 ns.
Ending Power Optimization Task | Checksum: 1157c0b52

Time (s): cpu = 00:00:00 ; elapsed = 00:00:00 . Memory (MB): peak = 2597.074 ; gain = 0.000 ; free physical = 595 ; free virtual = 3252

Starting Final Cleanup Task
Ending Final Cleanup Task | Checksum: 1157c0b52

Time (s): cpu = 00:00:00 ; elapsed = 00:00:00 . Memory (MB): peak = 2597.074 ; gain = 0.000 ; free physical = 595 ; free virtual = 3252

Starting Netlist Obfuscation Task
Netlist sorting complete. Time (s): cpu = 00:00:00 ; elapsed = 00:00:00 . Memory (MB): peak = 2597.074 ; gain = 0.000 ; free physical = 595 ; free virtual = 3252
Ending Netlist Obfuscation Task | Checksum: 1157c0b52

Time (s): cpu = 00:00:00 ; elapsed = 00:00:00 . Memory (MB): peak = 2597.074 ; gain = 0.000 ; free physical = 595 ; free virtual = 3252
INFO: [Common 17-83] Releasing license: Implementation
24 Infos, 1 Warnings, 0 Critical Warnings and 0 Errors encountered.
opt_design completed successfully
opt_design: Time (s): cpu = 00:00:07 ; elapsed = 00:00:07 . Memory (MB): peak = 2597.074 ; gain = 834.672 ; free physical = 595 ; free virtual = 3252
INFO: [runtcl-4] Executing : report_drc -file dflipflop_drc_opted.rpt -pb dflipflop_drc_opted.pb -rpx dflipflop_drc_opted.rpx
Command: report_drc -file dflipflop_drc_opted.rpt -pb dflipflop_drc_opted.pb -rpx dflipflop_drc_opted.rpx
INFO: [IP_Flow 19-234] Refreshing IP repositories
INFO: [IP_Flow 19-1704] No user IP repositories specified
INFO: [IP_Flow 19-2313] Loaded Vivado IP repository '/home/kanish/Xilinx/Vivado/2023.1/data/ip'.
INFO: [DRC 23-27] Running DRC with 8 threads
INFO: [Vivado_Tcl 2-168] The results of DRC are in file /home/kanish/System_Design_through_FPGA/Vivado/dff/dff.runs/impl_1/dflipflop_drc_opted.rpt.
report_drc completed successfully
INFO: [Timing 38-480] Writing timing data to binary archive.
Writing XDEF routing.
Writing XDEF routing logical nets.
Writing XDEF routing special nets.
Write XDEF Complete: Time (s): cpu = 00:00:00.02 ; elapsed = 00:00:00.02 . Memory (MB): peak = 2640.062 ; gain = 0.000 ; free physical = 581 ; free virtual = 3238
INFO: [Common 17-1381] The checkpoint '/home/kanish/System_Design_through_FPGA/Vivado/dff/dff.runs/impl_1/dflipflop_opt.dcp' has been generated.
Command: place_design
Attempting to get a license for feature 'Implementation' and/or device 'xc7a35t'
INFO: [Common 17-349] Got license for feature 'Implementation' and/or device 'xc7a35t'
INFO: [DRC 23-27] Running DRC with 8 threads
INFO: [Vivado_Tcl 4-198] DRC finished with 0 Errors
INFO: [Vivado_Tcl 4-199] Please refer to the DRC report (report_drc) for more information.
Running DRC as a precondition to command place_design
INFO: [DRC 23-27] Running DRC with 8 threads
INFO: [Vivado_Tcl 4-198] DRC finished with 0 Errors
INFO: [Vivado_Tcl 4-199] Please refer to the DRC report (report_drc) for more information.

Starting Placer Task
INFO: [Place 30-611] Multithreading enabled for place_design using a maximum of 8 CPUs

Phase 1 Placer Initialization

Phase 1.1 Placer Initialization Netlist Sorting
Netlist sorting complete. Time (s): cpu = 00:00:00 ; elapsed = 00:00:00 . Memory (MB): peak = 2696.090 ; gain = 0.000 ; free physical = 576 ; free virtual = 3233
Phase 1.1 Placer Initialization Netlist Sorting | Checksum: 11336053e

Time (s): cpu = 00:00:00.01 ; elapsed = 00:00:00 . Memory (MB): peak = 2696.090 ; gain = 0.000 ; free physical = 576 ; free virtual = 3233
Netlist sorting complete. Time (s): cpu = 00:00:00 ; elapsed = 00:00:00 . Memory (MB): peak = 2696.090 ; gain = 0.000 ; free physical = 576 ; free virtual = 3233

Phase 1.2 IO Placement/ Clock Placement/ Build Placer Device
INFO: [Constraints 18-483] create_clock: no pin(s)/port(s)/net(s) specified as objects, only virtual clock 'clk' will be created. If you don't want this, please specify pin(s)/ports(s)/net(s) as objects to the command. [/home/kanish/System_Design_through_FPGA/Vivado/dff/dff.srcs/constrs_1/new/dff_constraints.xdc:6]
INFO: [Timing 38-35] Done setting XDC timing constraints.
Phase 1.2 IO Placement/ Clock Placement/ Build Placer Device | Checksum: d375cdb6

Time (s): cpu = 00:00:00.27 ; elapsed = 00:00:00.11 . Memory (MB): peak = 2696.090 ; gain = 0.000 ; free physical = 575 ; free virtual = 3233

Phase 1.3 Build Placer Netlist Model
Phase 1.3 Build Placer Netlist Model | Checksum: 1c22fe57a

Time (s): cpu = 00:00:00.43 ; elapsed = 00:00:00.14 . Memory (MB): peak = 2696.090 ; gain = 0.000 ; free physical = 575 ; free virtual = 3232

Phase 1.4 Constrain Clocks/Macros
Phase 1.4 Constrain Clocks/Macros | Checksum: 1c22fe57a

Time (s): cpu = 00:00:00.43 ; elapsed = 00:00:00.14 . Memory (MB): peak = 2696.090 ; gain = 0.000 ; free physical = 575 ; free virtual = 3232
Phase 1 Placer Initialization | Checksum: 1c22fe57a

Time (s): cpu = 00:00:00.44 ; elapsed = 00:00:00.14 . Memory (MB): peak = 2696.090 ; gain = 0.000 ; free physical = 575 ; free virtual = 3232

Phase 2 Global Placement

Phase 2.1 Floorplanning
Phase 2.1 Floorplanning | Checksum: 182e9d18e

Time (s): cpu = 00:00:00.47 ; elapsed = 00:00:00.14 . Memory (MB): peak = 2696.090 ; gain = 0.000 ; free physical = 574 ; free virtual = 3231

Phase 2.2 Update Timing before SLR Path Opt
Phase 2.2 Update Timing before SLR Path Opt | Checksum: 195d10259

Time (s): cpu = 00:00:00.49 ; elapsed = 00:00:00.15 . Memory (MB): peak = 2696.090 ; gain = 0.000 ; free physical = 573 ; free virtual = 3231

Phase 2.3 Post-Processing in Floorplanning
Phase 2.3 Post-Processing in Floorplanning | Checksum: 1bd956843

Time (s): cpu = 00:00:00.49 ; elapsed = 00:00:00.15 . Memory (MB): peak = 2696.090 ; gain = 0.000 ; free physical = 573 ; free virtual = 3231

Phase 2.4 Global Placement Core

Phase 2.4.1 UpdateTiming Before Physical Synthesis
Phase 2.4.1 UpdateTiming Before Physical Synthesis | Checksum: f389a651

Time (s): cpu = 00:00:03 ; elapsed = 00:00:00.58 . Memory (MB): peak = 2696.090 ; gain = 0.000 ; free physical = 557 ; free virtual = 3214

Phase 2.4.2 Physical Synthesis In Placer
INFO: [Physopt 32-1044] Break lutnm for timing: one critical 0, two critical 0, total 0, new lutff created 0
INFO: [Physopt 32-1138] End 1 Pass. Optimized 0 net or LUT. Breaked 0 LUT, combined 0 existing LUT and moved 0 existing LUT
INFO: [Physopt 32-65] No nets found for high-fanout optimization.
INFO: [Physopt 32-232] Optimized 0 net. Created 0 new instance.
INFO: [Physopt 32-775] End 1 Pass. Optimized 0 net or cell. Created 0 new cell, deleted 0 existing cell and moved 0 existing cell
INFO: [Physopt 32-456] No candidate cells for DSP register optimization found in the design.
INFO: [Physopt 32-775] End 2 Pass. Optimized 0 net or cell. Created 0 new cell, deleted 0 existing cell and moved 0 existing cell
INFO: [Physopt 32-1123] No candidate cells found for Shift Register to Pipeline optimization
INFO: [Physopt 32-775] End 2 Pass. Optimized 0 net or cell. Created 0 new cell, deleted 0 existing cell and moved 0 existing cell
INFO: [Physopt 32-677] No candidate cells for Shift Register optimization found in the design
INFO: [Physopt 32-775] End 1 Pass. Optimized 0 net or cell. Created 0 new cell, deleted 0 existing cell and moved 0 existing cell
INFO: [Physopt 32-526] No candidate cells for BRAM register optimization found in the design
INFO: [Physopt 32-775] End 1 Pass. Optimized 0 net or cell. Created 0 new cell, deleted 0 existing cell and moved 0 existing cell
INFO: [Physopt 32-846] No candidate cells for URAM register optimization found in the design
INFO: [Physopt 32-775] End 1 Pass. Optimized 0 net or cell. Created 0 new cell, deleted 0 existing cell and moved 0 existing cell
INFO: [Physopt 32-846] No candidate cells for URAM register optimization found in the design
INFO: [Physopt 32-775] End 1 Pass. Optimized 0 net or cell. Created 0 new cell, deleted 0 existing cell and moved 0 existing cell
INFO: [Physopt 32-949] No candidate nets found for dynamic/static region interface net replication
INFO: [Physopt 32-775] End 1 Pass. Optimized 0 net or cell. Created 0 new cell, deleted 0 existing cell and moved 0 existing cell
Netlist sorting complete. Time (s): cpu = 00:00:00 ; elapsed = 00:00:00 . Memory (MB): peak = 2696.090 ; gain = 0.000 ; free physical = 558 ; free virtual = 3217

Summary of Physical Synthesis Optimizations
============================================


-----------------------------------------------------------------------------------------------------------------------------------------------------------
|  Optimization                                     |  Added Cells  |  Removed Cells  |  Optimized Cells/Nets  |  Dont Touch  |  Iterations  |  Elapsed   |
-----------------------------------------------------------------------------------------------------------------------------------------------------------
|  LUT Combining                                    |            0  |              0  |                     0  |           0  |           1  |  00:00:00  |
|  Retime                                           |            0  |              0  |                     0  |           0  |           1  |  00:00:00  |
|  Very High Fanout                                 |            0  |              0  |                     0  |           0  |           1  |  00:00:00  |
|  DSP Register                                     |            0  |              0  |                     0  |           0  |           1  |  00:00:00  |
|  Shift Register to Pipeline                       |            0  |              0  |                     0  |           0  |           1  |  00:00:00  |
|  Shift Register                                   |            0  |              0  |                     0  |           0  |           1  |  00:00:00  |
|  BRAM Register                                    |            0  |              0  |                     0  |           0  |           1  |  00:00:00  |
|  URAM Register                                    |            0  |              0  |                     0  |           0  |           1  |  00:00:00  |
|  Dynamic/Static Region Interface Net Replication  |            0  |              0  |                     0  |           0  |           1  |  00:00:00  |
|  Total                                            |            0  |              0  |                     0  |           0  |           9  |  00:00:00  |
-----------------------------------------------------------------------------------------------------------------------------------------------------------


Phase 2.4.2 Physical Synthesis In Placer | Checksum: f389a651

Time (s): cpu = 00:00:04 ; elapsed = 00:00:00.82 . Memory (MB): peak = 2696.090 ; gain = 0.000 ; free physical = 557 ; free virtual = 3217
Phase 2.4 Global Placement Core | Checksum: e0eb21e8

Time (s): cpu = 00:00:04 ; elapsed = 00:00:00.84 . Memory (MB): peak = 2696.090 ; gain = 0.000 ; free physical = 557 ; free virtual = 3217
Phase 2 Global Placement | Checksum: e0eb21e8

Time (s): cpu = 00:00:04 ; elapsed = 00:00:00.84 . Memory (MB): peak = 2696.090 ; gain = 0.000 ; free physical = 557 ; free virtual = 3217

Phase 3 Detail Placement

Phase 3.1 Commit Multi Column Macros
Phase 3.1 Commit Multi Column Macros | Checksum: 13c0cccfe

Time (s): cpu = 00:00:04 ; elapsed = 00:00:00.84 . Memory (MB): peak = 2696.090 ; gain = 0.000 ; free physical = 557 ; free virtual = 3217

Phase 3.2 Commit Most Macros & LUTRAMs
Phase 3.2 Commit Most Macros & LUTRAMs | Checksum: 1bceb3de9

Time (s): cpu = 00:00:04 ; elapsed = 00:00:00.85 . Memory (MB): peak = 2696.090 ; gain = 0.000 ; free physical = 557 ; free virtual = 3217

Phase 3.3 Area Swap Optimization
Phase 3.3 Area Swap Optimization | Checksum: 1b18d01fc

Time (s): cpu = 00:00:04 ; elapsed = 00:00:00.85 . Memory (MB): peak = 2696.090 ; gain = 0.000 ; free physical = 557 ; free virtual = 3217

Phase 3.4 Pipeline Register Optimization
Phase 3.4 Pipeline Register Optimization | Checksum: 1b18d01fc

Time (s): cpu = 00:00:04 ; elapsed = 00:00:00.86 . Memory (MB): peak = 2696.090 ; gain = 0.000 ; free physical = 557 ; free virtual = 3217

Phase 3.5 Fast Optimization
Phase 3.5 Fast Optimization | Checksum: 1b18d01fc

Time (s): cpu = 00:00:04 ; elapsed = 00:00:00.87 . Memory (MB): peak = 2696.090 ; gain = 0.000 ; free physical = 557 ; free virtual = 3217

Phase 3.6 Small Shape Detail Placement
Phase 3.6 Small Shape Detail Placement | Checksum: 1219d10e7

Time (s): cpu = 00:00:04 ; elapsed = 00:00:00.94 . Memory (MB): peak = 2696.090 ; gain = 0.000 ; free physical = 557 ; free virtual = 3217

Phase 3.7 Re-assign LUT pins
Phase 3.7 Re-assign LUT pins | Checksum: 1219d10e7

Time (s): cpu = 00:00:04 ; elapsed = 00:00:00.94 . Memory (MB): peak = 2696.090 ; gain = 0.000 ; free physical = 558 ; free virtual = 3218

Phase 3.8 Pipeline Register Optimization
Phase 3.8 Pipeline Register Optimization | Checksum: 1219d10e7

Time (s): cpu = 00:00:04 ; elapsed = 00:00:00.94 . Memory (MB): peak = 2696.090 ; gain = 0.000 ; free physical = 558 ; free virtual = 3218

Phase 3.9 Fast Optimization
Phase 3.9 Fast Optimization | Checksum: 15380bb0b

Time (s): cpu = 00:00:04 ; elapsed = 00:00:00.96 . Memory (MB): peak = 2697.094 ; gain = 1.004 ; free physical = 557 ; free virtual = 3216
Phase 3 Detail Placement | Checksum: 15380bb0b

Time (s): cpu = 00:00:04 ; elapsed = 00:00:00.96 . Memory (MB): peak = 2697.094 ; gain = 1.004 ; free physical = 557 ; free virtual = 3216

Phase 4 Post Placement Optimization and Clean-Up

Phase 4.1 Post Commit Optimization
INFO: [Constraints 18-483] create_clock: no pin(s)/port(s)/net(s) specified as objects, only virtual clock 'clk' will be created. If you don't want this, please specify pin(s)/ports(s)/net(s) as objects to the command. [/home/kanish/System_Design_through_FPGA/Vivado/dff/dff.srcs/constrs_1/new/dff_constraints.xdc:6]
INFO: [Timing 38-35] Done setting XDC timing constraints.

Phase 4.1.1 Post Placement Optimization
Post Placement Optimization Initialization | Checksum: 177e20fd1

Phase 4.1.1.1 BUFG Insertion

Starting Physical Synthesis Task

Phase 1 Physical Synthesis Initialization
INFO: [Physopt 32-721] Multithreading enabled for phys_opt_design using a maximum of 8 CPUs
INFO: [Physopt 32-619] Estimated Timing Summary | WNS=-0.653 | TNS=-0.653 |
Phase 1 Physical Synthesis Initialization | Checksum: 122e95141

Time (s): cpu = 00:00:00.01 ; elapsed = 00:00:00.01 . Memory (MB): peak = 2697.094 ; gain = 0.000 ; free physical = 557 ; free virtual = 3217
INFO: [Place 46-56] BUFG insertion identified 0 candidate nets. Inserted BUFG: 0, Replicated BUFG Driver: 0, Skipped due to Placement/Routing Conflicts: 0, Skipped due to Timing Degradation: 0, Skipped due to netlist editing failed: 0.
Ending Physical Synthesis Task | Checksum: 122e95141

Time (s): cpu = 00:00:00.01 ; elapsed = 00:00:00.01 . Memory (MB): peak = 2697.094 ; gain = 0.000 ; free physical = 557 ; free virtual = 3217
Phase 4.1.1.1 BUFG Insertion | Checksum: 177e20fd1

Time (s): cpu = 00:00:05 ; elapsed = 00:00:01 . Memory (MB): peak = 2697.094 ; gain = 1.004 ; free physical = 557 ; free virtual = 3217

Phase 4.1.1.2 Post Placement Timing Optimization
INFO: [Place 30-746] Post Placement Timing Summary WNS=-0.650. For the most accurate timing information please run report_timing.
Phase 4.1.1.2 Post Placement Timing Optimization | Checksum: 9b5ac703

Time (s): cpu = 00:00:05 ; elapsed = 00:00:01 . Memory (MB): peak = 2697.094 ; gain = 1.004 ; free physical = 557 ; free virtual = 3217

Time (s): cpu = 00:00:05 ; elapsed = 00:00:01 . Memory (MB): peak = 2697.094 ; gain = 1.004 ; free physical = 557 ; free virtual = 3217
Phase 4.1 Post Commit Optimization | Checksum: 9b5ac703

Time (s): cpu = 00:00:05 ; elapsed = 00:00:01 . Memory (MB): peak = 2697.094 ; gain = 1.004 ; free physical = 557 ; free virtual = 3217

Phase 4.2 Post Placement Cleanup
Phase 4.2 Post Placement Cleanup | Checksum: 9b5ac703

Time (s): cpu = 00:00:05 ; elapsed = 00:00:01 . Memory (MB): peak = 2697.094 ; gain = 1.004 ; free physical = 557 ; free virtual = 3217

Phase 4.3 Placer Reporting

Phase 4.3.1 Print Estimated Congestion
INFO: [Place 30-612] Post-Placement Estimated Congestion 
 ____________________________________________________
|           | Global Congestion | Short Congestion  |
| Direction | Region Size       | Region Size       |
|___________|___________________|___________________|
|      North|                1x1|                1x1|
|___________|___________________|___________________|
|      South|                1x1|                1x1|
|___________|___________________|___________________|
|       East|                1x1|                1x1|
|___________|___________________|___________________|
|       West|                1x1|                1x1|
|___________|___________________|___________________|

Phase 4.3.1 Print Estimated Congestion | Checksum: 9b5ac703

Time (s): cpu = 00:00:05 ; elapsed = 00:00:01 . Memory (MB): peak = 2697.094 ; gain = 1.004 ; free physical = 557 ; free virtual = 3217
Phase 4.3 Placer Reporting | Checksum: 9b5ac703

Time (s): cpu = 00:00:05 ; elapsed = 00:00:01 . Memory (MB): peak = 2697.094 ; gain = 1.004 ; free physical = 557 ; free virtual = 3217

Phase 4.4 Final Placement Cleanup
Netlist sorting complete. Time (s): cpu = 00:00:00.02 ; elapsed = 00:00:00.01 . Memory (MB): peak = 2697.094 ; gain = 0.000 ; free physical = 557 ; free virtual = 3217

Time (s): cpu = 00:00:05 ; elapsed = 00:00:01 . Memory (MB): peak = 2697.094 ; gain = 1.004 ; free physical = 557 ; free virtual = 3217
Phase 4 Post Placement Optimization and Clean-Up | Checksum: 9b5ac703

Time (s): cpu = 00:00:05 ; elapsed = 00:00:01 . Memory (MB): peak = 2697.094 ; gain = 1.004 ; free physical = 557 ; free virtual = 3217
Ending Placer Task | Checksum: 6befd0d1

Time (s): cpu = 00:00:05 ; elapsed = 00:00:01 . Memory (MB): peak = 2697.094 ; gain = 1.004 ; free physical = 557 ; free virtual = 3217
INFO: [Common 17-83] Releasing license: Implementation
69 Infos, 1 Warnings, 0 Critical Warnings and 0 Errors encountered.
place_design completed successfully
INFO: [runtcl-4] Executing : report_io -file dflipflop_io_placed.rpt
report_io: Time (s): cpu = 00:00:00.1 ; elapsed = 00:00:00.11 . Memory (MB): peak = 2697.094 ; gain = 0.000 ; free physical = 559 ; free virtual = 3220
INFO: [runtcl-4] Executing : report_utilization -file dflipflop_utilization_placed.rpt -pb dflipflop_utilization_placed.pb
INFO: [runtcl-4] Executing : report_control_sets -verbose -file dflipflop_control_sets_placed.rpt
report_control_sets: Time (s): cpu = 00:00:00.03 ; elapsed = 00:00:00.08 . Memory (MB): peak = 2697.094 ; gain = 0.000 ; free physical = 561 ; free virtual = 3222
INFO: [Timing 38-480] Writing timing data to binary archive.
Writing XDEF routing.
Writing XDEF routing logical nets.
Writing XDEF routing special nets.
Write XDEF Complete: Time (s): cpu = 00:00:00.03 ; elapsed = 00:00:00.01 . Memory (MB): peak = 2697.094 ; gain = 0.000 ; free physical = 560 ; free virtual = 3222
INFO: [Common 17-1381] The checkpoint '/home/kanish/System_Design_through_FPGA/Vivado/dff/dff.runs/impl_1/dflipflop_placed.dcp' has been generated.
Command: phys_opt_design
Attempting to get a license for feature 'Implementation' and/or device 'xc7a35t'
INFO: [Common 17-349] Got license for feature 'Implementation' and/or device 'xc7a35t'

Starting Initial Update Timing Task

Time (s): cpu = 00:00:00 ; elapsed = 00:00:00.01 . Memory (MB): peak = 2697.094 ; gain = 0.000 ; free physical = 562 ; free virtual = 3223
INFO: [Vivado_Tcl 4-1435] PhysOpt_Tcl_Interface Runtime Before Starting Physical Synthesis Task | CPU: 0.02s |  WALL: 0.01s
Netlist sorting complete. Time (s): cpu = 00:00:00 ; elapsed = 00:00:00 . Memory (MB): peak = 2697.094 ; gain = 0.000 ; free physical = 562 ; free virtual = 3223

Starting Physical Synthesis Task

Phase 1 Physical Synthesis Initialization
INFO: [Physopt 32-721] Multithreading enabled for phys_opt_design using a maximum of 8 CPUs
INFO: [Physopt 32-619] Estimated Timing Summary | WNS=-0.650 | TNS=-0.650 |
Phase 1 Physical Synthesis Initialization | Checksum: 6e35d6e5

Time (s): cpu = 00:00:00.19 ; elapsed = 00:00:00.07 . Memory (MB): peak = 2697.094 ; gain = 0.000 ; free physical = 562 ; free virtual = 3223
INFO: [Physopt 32-619] Estimated Timing Summary | WNS=-0.650 | TNS=-0.650 |

Phase 2 DSP Register Optimization
INFO: [Physopt 32-456] No candidate cells for DSP register optimization found in the design.
INFO: [Physopt 32-775] End 2 Pass. Optimized 0 net or cell. Created 0 new cell, deleted 0 existing cell and moved 0 existing cell
Phase 2 DSP Register Optimization | Checksum: 6e35d6e5

Time (s): cpu = 00:00:00.28 ; elapsed = 00:00:00.09 . Memory (MB): peak = 2697.094 ; gain = 0.000 ; free physical = 562 ; free virtual = 3223

Phase 3 Critical Path Optimization
INFO: [Physopt 32-619] Estimated Timing Summary | WNS=-0.650 | TNS=-0.650 |
INFO: [Physopt 32-702] Processed net q_OBUF. Optimizations did not improve timing on the net.
INFO: [Physopt 32-702] Processed net clk_IBUF. Optimizations did not improve timing on the net.
INFO: [Physopt 32-702] Processed net clk. Optimizations did not improve timing on the net.
INFO: [Physopt 32-702] Processed net q_OBUF. Optimizations did not improve timing on the net.
INFO: [Physopt 32-702] Processed net clk_IBUF. Optimizations did not improve timing on the net.
INFO: [Physopt 32-702] Processed net clk. Optimizations did not improve timing on the net.
INFO: [Physopt 32-619] Estimated Timing Summary | WNS=-0.650 | TNS=-0.650 |
Phase 3 Critical Path Optimization | Checksum: 6e35d6e5

Time (s): cpu = 00:00:00.63 ; elapsed = 00:00:00.23 . Memory (MB): peak = 2697.094 ; gain = 0.000 ; free physical = 560 ; free virtual = 3222
Netlist sorting complete. Time (s): cpu = 00:00:00 ; elapsed = 00:00:00 . Memory (MB): peak = 2697.094 ; gain = 0.000 ; free physical = 560 ; free virtual = 3222
INFO: [Physopt 32-603] Post Physical Optimization Timing Summary | WNS=-0.650 | TNS=-0.650 |

Summary of Physical Synthesis Optimizations
============================================


-------------------------------------------------------------------------------------------------------------------------------------------------------------
|  Optimization   |  WNS Gain (ns)  |  TNS Gain (ns)  |  Added Cells  |  Removed Cells  |  Optimized Cells/Nets  |  Dont Touch  |  Iterations  |  Elapsed   |
-------------------------------------------------------------------------------------------------------------------------------------------------------------
|  DSP Register   |          0.000  |          0.000  |            0  |              0  |                     0  |           0  |           1  |  00:00:00  |
|  Critical Path  |          0.000  |          0.000  |            0  |              0  |                     0  |           0  |           1  |  00:00:00  |
|  Total          |          0.000  |          0.000  |            0  |              0  |                     0  |           0  |           2  |  00:00:00  |
-------------------------------------------------------------------------------------------------------------------------------------------------------------


Netlist sorting complete. Time (s): cpu = 00:00:00 ; elapsed = 00:00:00 . Memory (MB): peak = 2697.094 ; gain = 0.000 ; free physical = 560 ; free virtual = 3222
Ending Physical Synthesis Task | Checksum: 6e35d6e5

Time (s): cpu = 00:00:00.63 ; elapsed = 00:00:00.23 . Memory (MB): peak = 2697.094 ; gain = 0.000 ; free physical = 560 ; free virtual = 3222
INFO: [Common 17-83] Releasing license: Implementation
91 Infos, 1 Warnings, 0 Critical Warnings and 0 Errors encountered.
phys_opt_design completed successfully
INFO: [Timing 38-480] Writing timing data to binary archive.
Writing XDEF routing.
Writing XDEF routing logical nets.
Writing XDEF routing special nets.
Write XDEF Complete: Time (s): cpu = 00:00:00.02 ; elapsed = 00:00:00.01 . Memory (MB): peak = 2697.094 ; gain = 0.000 ; free physical = 559 ; free virtual = 3221
INFO: [Common 17-1381] The checkpoint '/home/kanish/System_Design_through_FPGA/Vivado/dff/dff.runs/impl_1/dflipflop_physopt.dcp' has been generated.
Command: route_design
Attempting to get a license for feature 'Implementation' and/or device 'xc7a35t'
INFO: [Common 17-349] Got license for feature 'Implementation' and/or device 'xc7a35t'
Running DRC as a precondition to command route_design
INFO: [DRC 23-27] Running DRC with 8 threads
INFO: [Vivado_Tcl 4-198] DRC finished with 0 Errors
INFO: [Vivado_Tcl 4-199] Please refer to the DRC report (report_drc) for more information.


Starting Routing Task
INFO: [Route 35-254] Multithreading enabled for route_design using a maximum of 8 CPUs

Phase 1 Build RT Design
Checksum: PlaceDB: 9a82279 ConstDB: 0 ShapeSum: 6247ae58 RouteDB: 0
Post Restoration Checksum: NetGraph: 160696d7 | NumContArr: 6e52b608 | Constraints: 190a55ad | Timing: 0
Phase 1 Build RT Design | Checksum: 9d63a28c

Time (s): cpu = 00:00:13 ; elapsed = 00:00:12 . Memory (MB): peak = 2792.656 ; gain = 49.969 ; free physical = 430 ; free virtual = 3091

Phase 2 Router Initialization

Phase 2.1 Fix Topology Constraints
Phase 2.1 Fix Topology Constraints | Checksum: 9d63a28c

Time (s): cpu = 00:00:13 ; elapsed = 00:00:12 . Memory (MB): peak = 2792.656 ; gain = 49.969 ; free physical = 430 ; free virtual = 3091

Phase 2.2 Pre Route Cleanup
Phase 2.2 Pre Route Cleanup | Checksum: 9d63a28c

Time (s): cpu = 00:00:13 ; elapsed = 00:00:12 . Memory (MB): peak = 2792.656 ; gain = 49.969 ; free physical = 430 ; free virtual = 3091
 Number of Nodes with overlaps = 0

Phase 2.3 Update Timing
Phase 2.3 Update Timing | Checksum: 1c1873c51

Time (s): cpu = 00:00:14 ; elapsed = 00:00:12 . Memory (MB): peak = 2802.660 ; gain = 59.973 ; free physical = 421 ; free virtual = 3082
INFO: [Route 35-416] Intermediate Timing Summary | WNS=-0.648 | TNS=-0.648 | WHS=-1.487 | THS=-1.487 |


Router Utilization Summary
  Global Vertical Routing Utilization    = 0 %
  Global Horizontal Routing Utilization  = 0 %
  Routable Net Status*
  *Does not include unroutable nets such as driverless and loadless.
  Run report_route_status for detailed report.
  Number of Failed Nets               = 2
    (Failed Nets is the sum of unrouted and partially routed nets)
  Number of Unrouted Nets             = 2
  Number of Partially Routed Nets     = 0
  Number of Node Overlaps             = 0

Phase 2 Router Initialization | Checksum: 1aeab261c

Time (s): cpu = 00:00:14 ; elapsed = 00:00:12 . Memory (MB): peak = 2804.660 ; gain = 61.973 ; free physical = 419 ; free virtual = 3081

Phase 3 Initial Routing

Phase 3.1 Global Routing
Phase 3.1 Global Routing | Checksum: 1aeab261c

Time (s): cpu = 00:00:14 ; elapsed = 00:00:12 . Memory (MB): peak = 2804.660 ; gain = 61.973 ; free physical = 419 ; free virtual = 3081
 Number of Nodes with overlaps = 0
Phase 3 Initial Routing | Checksum: 1c05883dc

Time (s): cpu = 00:00:14 ; elapsed = 00:00:12 . Memory (MB): peak = 2804.660 ; gain = 61.973 ; free physical = 418 ; free virtual = 3080

Phase 4 Rip-up And Reroute

Phase 4.1 Global Iteration 0
INFO: [Route 35-416] Intermediate Timing Summary | WNS=-0.684 | TNS=-0.684 | WHS=N/A    | THS=N/A    |

Phase 4.1 Global Iteration 0 | Checksum: 15893307d

Time (s): cpu = 00:00:14 ; elapsed = 00:00:12 . Memory (MB): peak = 2804.660 ; gain = 61.973 ; free physical = 418 ; free virtual = 3080
Phase 4 Rip-up And Reroute | Checksum: 15893307d

Time (s): cpu = 00:00:14 ; elapsed = 00:00:12 . Memory (MB): peak = 2804.660 ; gain = 61.973 ; free physical = 418 ; free virtual = 3080

Phase 5 Delay and Skew Optimization

Phase 5.1 Delay CleanUp

Phase 5.1.1 Update Timing
Phase 5.1.1 Update Timing | Checksum: 15893307d

Time (s): cpu = 00:00:14 ; elapsed = 00:00:12 . Memory (MB): peak = 2804.660 ; gain = 61.973 ; free physical = 418 ; free virtual = 3080
INFO: [Route 35-416] Intermediate Timing Summary | WNS=-0.684 | TNS=-0.684 | WHS=N/A    | THS=N/A    |

Phase 5.1 Delay CleanUp | Checksum: 15893307d

Time (s): cpu = 00:00:14 ; elapsed = 00:00:12 . Memory (MB): peak = 2804.660 ; gain = 61.973 ; free physical = 418 ; free virtual = 3080

Phase 5.2 Clock Skew Optimization
Phase 5.2 Clock Skew Optimization | Checksum: 15893307d

Time (s): cpu = 00:00:14 ; elapsed = 00:00:12 . Memory (MB): peak = 2804.660 ; gain = 61.973 ; free physical = 418 ; free virtual = 3080
Phase 5 Delay and Skew Optimization | Checksum: 15893307d

Time (s): cpu = 00:00:14 ; elapsed = 00:00:12 . Memory (MB): peak = 2804.660 ; gain = 61.973 ; free physical = 418 ; free virtual = 3080

Phase 6 Post Hold Fix

Phase 6.1 Hold Fix Iter

Phase 6.1.1 Update Timing
Phase 6.1.1 Update Timing | Checksum: 18bca8ae9

Time (s): cpu = 00:00:14 ; elapsed = 00:00:12 . Memory (MB): peak = 2804.660 ; gain = 61.973 ; free physical = 418 ; free virtual = 3080
INFO: [Route 35-416] Intermediate Timing Summary | WNS=-0.684 | TNS=-0.684 | WHS=0.191  | THS=0.000  |

Phase 6.1 Hold Fix Iter | Checksum: 17c471709

Time (s): cpu = 00:00:14 ; elapsed = 00:00:12 . Memory (MB): peak = 2804.660 ; gain = 61.973 ; free physical = 418 ; free virtual = 3080
Phase 6 Post Hold Fix | Checksum: 17c471709

Time (s): cpu = 00:00:14 ; elapsed = 00:00:12 . Memory (MB): peak = 2804.660 ; gain = 61.973 ; free physical = 418 ; free virtual = 3080

Phase 7 Route finalize

Router Utilization Summary
  Global Vertical Routing Utilization    = 0.00669696 %
  Global Horizontal Routing Utilization  = 0.0113222 %
  Routable Net Status*
  *Does not include unroutable nets such as driverless and loadless.
  Run report_route_status for detailed report.
  Number of Failed Nets               = 0
    (Failed Nets is the sum of unrouted and partially routed nets)
  Number of Unrouted Nets             = 0
  Number of Partially Routed Nets     = 0
  Number of Node Overlaps             = 0


--GLOBAL Congestion:
Utilization threshold used for congestion level computation: 0.85
Congestion Report
North Dir 1x1 Area, Max Cong = 16.2162%, No Congested Regions.
South Dir 1x1 Area, Max Cong = 16.2162%, No Congested Regions.
East Dir 1x1 Area, Max Cong = 17.6471%, No Congested Regions.
West Dir 1x1 Area, Max Cong = 17.6471%, No Congested Regions.

------------------------------
Reporting congestion hotspots
------------------------------
Direction: North
----------------
Congested clusters found at Level 0
Effective congestion level: 0 Aspect Ratio: 1 Sparse Ratio: 0
Direction: South
----------------
Congested clusters found at Level 0
Effective congestion level: 0 Aspect Ratio: 1 Sparse Ratio: 0
Direction: East
----------------
Congested clusters found at Level 0
Effective congestion level: 0 Aspect Ratio: 1 Sparse Ratio: 0
Direction: West
----------------
Congested clusters found at Level 0
Effective congestion level: 0 Aspect Ratio: 1 Sparse Ratio: 0

Phase 7 Route finalize | Checksum: 17642f1d1

Time (s): cpu = 00:00:14 ; elapsed = 00:00:12 . Memory (MB): peak = 2804.660 ; gain = 61.973 ; free physical = 418 ; free virtual = 3080

Phase 8 Verifying routed nets

 Verification completed successfully
Phase 8 Verifying routed nets | Checksum: 17642f1d1

Time (s): cpu = 00:00:14 ; elapsed = 00:00:12 . Memory (MB): peak = 2804.660 ; gain = 61.973 ; free physical = 418 ; free virtual = 3080

Phase 9 Depositing Routes
Phase 9 Depositing Routes | Checksum: 17642f1d1

Time (s): cpu = 00:00:14 ; elapsed = 00:00:12 . Memory (MB): peak = 2804.660 ; gain = 61.973 ; free physical = 418 ; free virtual = 3080

Phase 10 Post Router Timing
INFO: [Route 35-57] Estimated Timing Summary | WNS=-0.684 | TNS=-0.684 | WHS=0.191  | THS=0.000  |

WARNING: [Route 35-328] Router estimated timing not met.
Resolution: For a complete and accurate timing signoff, report_timing_summary must be run after route_design. Alternatively, route_design can be run with the -timing_summary option to enable a complete timing signoff at the end of route_design.
Phase 10 Post Router Timing | Checksum: 17642f1d1

Time (s): cpu = 00:00:14 ; elapsed = 00:00:12 . Memory (MB): peak = 2804.660 ; gain = 61.973 ; free physical = 418 ; free virtual = 3080
INFO: [Route 35-16] Router Completed Successfully

Phase 11 Post-Route Event Processing
Phase 11 Post-Route Event Processing | Checksum: 6befd0d1

Time (s): cpu = 00:00:14 ; elapsed = 00:00:12 . Memory (MB): peak = 2804.660 ; gain = 61.973 ; free physical = 418 ; free virtual = 3080

Time (s): cpu = 00:00:14 ; elapsed = 00:00:12 . Memory (MB): peak = 2804.660 ; gain = 61.973 ; free physical = 418 ; free virtual = 3080

Routing Is Done.
INFO: [Common 17-83] Releasing license: Implementation
105 Infos, 2 Warnings, 0 Critical Warnings and 0 Errors encountered.
route_design completed successfully
route_design: Time (s): cpu = 00:00:14 ; elapsed = 00:00:12 . Memory (MB): peak = 2804.660 ; gain = 107.566 ; free physical = 418 ; free virtual = 3080
INFO: [runtcl-4] Executing : report_drc -file dflipflop_drc_routed.rpt -pb dflipflop_drc_routed.pb -rpx dflipflop_drc_routed.rpx
Command: report_drc -file dflipflop_drc_routed.rpt -pb dflipflop_drc_routed.pb -rpx dflipflop_drc_routed.rpx
INFO: [IP_Flow 19-1839] IP Catalog is up to date.
INFO: [DRC 23-27] Running DRC with 8 threads
INFO: [Vivado_Tcl 2-168] The results of DRC are in file /home/kanish/System_Design_through_FPGA/Vivado/dff/dff.runs/impl_1/dflipflop_drc_routed.rpt.
report_drc completed successfully
INFO: [runtcl-4] Executing : report_methodology -file dflipflop_methodology_drc_routed.rpt -pb dflipflop_methodology_drc_routed.pb -rpx dflipflop_methodology_drc_routed.rpx
Command: report_methodology -file dflipflop_methodology_drc_routed.rpt -pb dflipflop_methodology_drc_routed.pb -rpx dflipflop_methodology_drc_routed.rpx
INFO: [Constraints 18-483] create_clock: no pin(s)/port(s)/net(s) specified as objects, only virtual clock 'clk' will be created. If you don't want this, please specify pin(s)/ports(s)/net(s) as objects to the command. [/home/kanish/System_Design_through_FPGA/Vivado/dff/dff.srcs/constrs_1/new/dff_constraints.xdc:6]
INFO: [Timing 38-35] Done setting XDC timing constraints.
INFO: [DRC 23-133] Running Methodology with 8 threads
INFO: [Vivado_Tcl 2-1520] The results of Report Methodology are in file /home/kanish/System_Design_through_FPGA/Vivado/dff/dff.runs/impl_1/dflipflop_methodology_drc_routed.rpt.
report_methodology completed successfully
INFO: [runtcl-4] Executing : report_power -file dflipflop_power_routed.rpt -pb dflipflop_power_summary_routed.pb -rpx dflipflop_power_routed.rpx
Command: report_power -file dflipflop_power_routed.rpt -pb dflipflop_power_summary_routed.pb -rpx dflipflop_power_routed.rpx
INFO: [Constraints 18-483] create_clock: no pin(s)/port(s)/net(s) specified as objects, only virtual clock 'clk' will be created. If you don't want this, please specify pin(s)/ports(s)/net(s) as objects to the command. [/home/kanish/System_Design_through_FPGA/Vivado/dff/dff.srcs/constrs_1/new/dff_constraints.xdc:6]
INFO: [Timing 38-35] Done setting XDC timing constraints.
Running Vector-less Activity Propagation...

Finished Running Vector-less Activity Propagation
117 Infos, 2 Warnings, 0 Critical Warnings and 0 Errors encountered.
report_power completed successfully
INFO: [runtcl-4] Executing : report_route_status -file dflipflop_route_status.rpt -pb dflipflop_route_status.pb
INFO: [runtcl-4] Executing : report_timing_summary -max_paths 10 -report_unconstrained -file dflipflop_timing_summary_routed.rpt -pb dflipflop_timing_summary_routed.pb -rpx dflipflop_timing_summary_routed.rpx -warn_on_violation 
INFO: [Timing 38-91] UpdateTimingParams: Speed grade: -1, Delay Type: min_max.
INFO: [Timing 38-191] Multithreading enabled for timing update using a maximum of 8 CPUs
CRITICAL WARNING: [Timing 38-282] The design failed to meet the timing requirements. Please see the timing summary report for details on the timing violations.
INFO: [runtcl-4] Executing : report_incremental_reuse -file dflipflop_incremental_reuse_routed.rpt
INFO: [Vivado_Tcl 4-1062] Incremental flow is disabled. No incremental reuse Info to report.
INFO: [runtcl-4] Executing : report_clock_utilization -file dflipflop_clock_utilization_routed.rpt
INFO: [runtcl-4] Executing : report_bus_skew -warn_on_violation -file dflipflop_bus_skew_routed.rpt -pb dflipflop_bus_skew_routed.pb -rpx dflipflop_bus_skew_routed.rpx
INFO: [Timing 38-91] UpdateTimingParams: Speed grade: -1, Delay Type: min_max.
INFO: [Timing 38-191] Multithreading enabled for timing update using a maximum of 8 CPUs
INFO: [Timing 38-480] Writing timing data to binary archive.
Writing XDEF routing.
Writing XDEF routing logical nets.
Writing XDEF routing special nets.
Write XDEF Complete: Time (s): cpu = 00:00:00.03 ; elapsed = 00:00:00.02 . Memory (MB): peak = 2914.449 ; gain = 0.000 ; free physical = 414 ; free virtual = 3077
INFO: [Common 17-1381] The checkpoint '/home/kanish/System_Design_through_FPGA/Vivado/dff/dff.runs/impl_1/dflipflop_routed.dcp' has been generated.
INFO: [Common 17-206] Exiting Vivado at Wed Aug 16 22:03:57 2023...
