
*** Running vivado
    with args -log dflipflop.vds -m64 -product Vivado -mode batch -messageDb vivado.pb -notrace -source dflipflop.tcl


****** Vivado v2023.1.1 (64-bit)
  **** SW Build 3900603 on Fri Jun 16 19:30:25 MDT 2023
  **** IP Build 3900379 on Sat Jun 17 05:28:05 MDT 2023
  **** SharedData Build 3899622 on Fri Jun 16 03:34:24 MDT 2023
    ** Copyright 1986-2022 Xilinx, Inc. All Rights Reserved.
    ** Copyright 2022-2023 Advanced Micro Devices, Inc. All Rights Reserved.

source dflipflop.tcl -notrace
create_project: Time (s): cpu = 00:00:08 ; elapsed = 00:00:08 . Memory (MB): peak = 1345.832 ; gain = 0.023 ; free physical = 1689 ; free virtual = 4036
Command: read_checkpoint -auto_incremental -incremental /home/kanish/System_Design_through_FPGA/Vivado/ila_demo/ila_demo.srcs/utils_1/imports/synth_1/dflipflop.dcp
INFO: [Vivado 12-5825] Read reference checkpoint from /home/kanish/System_Design_through_FPGA/Vivado/ila_demo/ila_demo.srcs/utils_1/imports/synth_1/dflipflop.dcp for incremental synthesis
INFO: [Vivado 12-7989] Please ensure there are no constraint changes
Command: synth_design -top dflipflop -part xc7a35tcpg236-1
Starting synth_design
Attempting to get a license for feature 'Synthesis' and/or device 'xc7a35t'
INFO: [Common 17-349] Got license for feature 'Synthesis' and/or device 'xc7a35t'
INFO: [Device 21-403] Loading part xc7a35tcpg236-1
INFO: [Designutils 20-5440] No compile time benefit to using incremental synthesis; A full resynthesis will be run
INFO: [Designutils 20-4379] Flow is switching to default flow due to incremental criteria not met. If you would like to alter this behaviour and have the flow terminate instead, please set the following parameter config_implementation {autoIncr.Synth.RejectBehavior Terminate}
INFO: [Synth 8-7079] Multithreading enabled for synth_design using a maximum of 4 processes.
INFO: [Synth 8-7078] Launching helper process for spawning children vivado processes
INFO: [Synth 8-7075] Helper process launched with PID 216961
---------------------------------------------------------------------------------
Starting RTL Elaboration : Time (s): cpu = 00:00:04 ; elapsed = 00:00:04 . Memory (MB): peak = 2062.727 ; gain = 377.770 ; free physical = 691 ; free virtual = 3064
---------------------------------------------------------------------------------
INFO: [Synth 8-6157] synthesizing module 'dflipflop' [/home/kanish/System_Design_through_FPGA/Vivado/ila_demo/ila_demo.srcs/sources_1/imports/src/dff.v:1]
INFO: [Synth 8-6157] synthesizing module 'vio_0' [/home/kanish/System_Design_through_FPGA/Vivado/ila_demo/ila_demo.runs/synth_1/.Xil/Vivado-216869-kanish-G3-3500/realtime/vio_0_stub.v:6]
INFO: [Synth 8-6155] done synthesizing module 'vio_0' (0#1) [/home/kanish/System_Design_through_FPGA/Vivado/ila_demo/ila_demo.runs/synth_1/.Xil/Vivado-216869-kanish-G3-3500/realtime/vio_0_stub.v:6]
WARNING: [Synth 8-4446] all outputs are unconnected for this instance and logic may be removed [/home/kanish/System_Design_through_FPGA/Vivado/ila_demo/ila_demo.srcs/sources_1/imports/src/dff.v:12]
INFO: [Synth 8-6157] synthesizing module 'ila_0' [/home/kanish/System_Design_through_FPGA/Vivado/ila_demo/ila_demo.runs/synth_1/.Xil/Vivado-216869-kanish-G3-3500/realtime/ila_0_stub.v:6]
INFO: [Synth 8-6155] done synthesizing module 'ila_0' (0#1) [/home/kanish/System_Design_through_FPGA/Vivado/ila_demo/ila_demo.runs/synth_1/.Xil/Vivado-216869-kanish-G3-3500/realtime/ila_0_stub.v:6]
INFO: [Synth 8-6155] done synthesizing module 'dflipflop' (0#1) [/home/kanish/System_Design_through_FPGA/Vivado/ila_demo/ila_demo.srcs/sources_1/imports/src/dff.v:1]
INFO: [Synth 8-6071] Mark debug on the nets applies keep_hierarchy on instance 'vio'. This will prevent further optimization [/home/kanish/System_Design_through_FPGA/Vivado/ila_demo/ila_demo.srcs/sources_1/imports/src/dff.v:5]
INFO: [Synth 8-6071] Mark debug on the nets applies keep_hierarchy on instance 'ila'. This will prevent further optimization [/home/kanish/System_Design_through_FPGA/Vivado/ila_demo/ila_demo.srcs/sources_1/imports/src/dff.v:12]
---------------------------------------------------------------------------------
Finished RTL Elaboration : Time (s): cpu = 00:00:05 ; elapsed = 00:00:05 . Memory (MB): peak = 2131.664 ; gain = 446.707 ; free physical = 601 ; free virtual = 2974
---------------------------------------------------------------------------------
---------------------------------------------------------------------------------
Start Handling Custom Attributes
---------------------------------------------------------------------------------
---------------------------------------------------------------------------------
Finished Handling Custom Attributes : Time (s): cpu = 00:00:05 ; elapsed = 00:00:05 . Memory (MB): peak = 2149.477 ; gain = 464.520 ; free physical = 599 ; free virtual = 2972
---------------------------------------------------------------------------------
---------------------------------------------------------------------------------
Finished RTL Optimization Phase 1 : Time (s): cpu = 00:00:05 ; elapsed = 00:00:05 . Memory (MB): peak = 2149.477 ; gain = 464.520 ; free physical = 599 ; free virtual = 2972
---------------------------------------------------------------------------------
Netlist sorting complete. Time (s): cpu = 00:00:00 ; elapsed = 00:00:00 . Memory (MB): peak = 2149.477 ; gain = 0.000 ; free physical = 599 ; free virtual = 2972
INFO: [Project 1-570] Preparing netlist for logic optimization

Processing XDC Constraints
Initializing timing engine
Parsing XDC File [/home/kanish/System_Design_through_FPGA/Vivado/ila_demo/ila_demo.gen/sources_1/ip/vio_0/vio_0/vio_0_in_context.xdc] for cell 'vio'
Finished Parsing XDC File [/home/kanish/System_Design_through_FPGA/Vivado/ila_demo/ila_demo.gen/sources_1/ip/vio_0/vio_0/vio_0_in_context.xdc] for cell 'vio'
Parsing XDC File [/home/kanish/System_Design_through_FPGA/Vivado/ila_demo/ila_demo.gen/sources_1/ip/ila_0/ila_0/ila_0_in_context.xdc] for cell 'ila'
Finished Parsing XDC File [/home/kanish/System_Design_through_FPGA/Vivado/ila_demo/ila_demo.gen/sources_1/ip/ila_0/ila_0/ila_0_in_context.xdc] for cell 'ila'
Parsing XDC File [/home/kanish/System_Design_through_FPGA/Vivado/ila_demo/ila_demo.srcs/constrs_1/new/constraints.xdc]
INFO: [Constraints 18-483] create_clock: no pin(s)/port(s)/net(s) specified as objects, only virtual clock 'clk' will be created. If you don't want this, please specify pin(s)/ports(s)/net(s) as objects to the command. [/home/kanish/System_Design_through_FPGA/Vivado/ila_demo/ila_demo.srcs/constrs_1/new/constraints.xdc:4]
WARNING: [Constraints 18-619] A clock with name 'clk' already exists, overwriting the previous clock with the same name. [/home/kanish/System_Design_through_FPGA/Vivado/ila_demo/ila_demo.srcs/constrs_1/new/constraints.xdc:9]
WARNING: [Vivado 12-584] No ports matched 'd'. [/home/kanish/System_Design_through_FPGA/Vivado/ila_demo/ila_demo.srcs/constrs_1/new/constraints.xdc:12]
WARNING: [Vivado 12-584] No ports matched 'd'. [/home/kanish/System_Design_through_FPGA/Vivado/ila_demo/ila_demo.srcs/constrs_1/new/constraints.xdc:13]
WARNING: [Vivado 12-584] No ports matched 'q'. [/home/kanish/System_Design_through_FPGA/Vivado/ila_demo/ila_demo.srcs/constrs_1/new/constraints.xdc:15]
WARNING: [Vivado 12-584] No ports matched 'q'. [/home/kanish/System_Design_through_FPGA/Vivado/ila_demo/ila_demo.srcs/constrs_1/new/constraints.xdc:16]
Finished Parsing XDC File [/home/kanish/System_Design_through_FPGA/Vivado/ila_demo/ila_demo.srcs/constrs_1/new/constraints.xdc]
WARNING: [Project 1-498] One or more constraints failed evaluation while reading constraint file [/home/kanish/System_Design_through_FPGA/Vivado/ila_demo/ila_demo.srcs/constrs_1/new/constraints.xdc] and the design contains unresolved black boxes. These constraints will be read post-synthesis (as long as their source constraint file is marked as used_in_implementation) and should be applied correctly then. You should review the constraints listed in the file [.Xil/dflipflop_propImpl.xdc] and check the run log file to verify that these constraints were correctly applied.
INFO: [Project 1-236] Implementation specific constraints were found while reading constraint file [/home/kanish/System_Design_through_FPGA/Vivado/ila_demo/ila_demo.srcs/constrs_1/new/constraints.xdc]. These constraints will be ignored for synthesis but will be used in implementation. Impacted constraints are listed in the file [.Xil/dflipflop_propImpl.xdc].
Resolution: To avoid this warning, move constraints listed in [.Xil/dflipflop_propImpl.xdc] to another XDC file and exclude this new file from synthesis with the used_in_synthesis property (File Properties dialog in GUI) and re-run elaboration/synthesis.
Completed Processing XDC Constraints

Netlist sorting complete. Time (s): cpu = 00:00:00 ; elapsed = 00:00:00 . Memory (MB): peak = 2222.414 ; gain = 0.000 ; free physical = 586 ; free virtual = 2959
INFO: [Project 1-111] Unisim Transformation Summary:
No Unisim elements were transformed.

Constraint Validation Runtime : Time (s): cpu = 00:00:00 ; elapsed = 00:00:00 . Memory (MB): peak = 2222.414 ; gain = 0.000 ; free physical = 586 ; free virtual = 2959
INFO: [Designutils 20-5440] No compile time benefit to using incremental synthesis; A full resynthesis will be run
INFO: [Designutils 20-4379] Flow is switching to default flow due to incremental criteria not met. If you would like to alter this behaviour and have the flow terminate instead, please set the following parameter config_implementation {autoIncr.Synth.RejectBehavior Terminate}
---------------------------------------------------------------------------------
Finished Constraint Validation : Time (s): cpu = 00:00:11 ; elapsed = 00:00:11 . Memory (MB): peak = 2222.414 ; gain = 537.457 ; free physical = 582 ; free virtual = 2956
---------------------------------------------------------------------------------
---------------------------------------------------------------------------------
Start Loading Part and Timing Information
---------------------------------------------------------------------------------
Loading part: xc7a35tcpg236-1
---------------------------------------------------------------------------------
Finished Loading Part and Timing Information : Time (s): cpu = 00:00:11 ; elapsed = 00:00:11 . Memory (MB): peak = 2222.414 ; gain = 537.457 ; free physical = 582 ; free virtual = 2956
---------------------------------------------------------------------------------
---------------------------------------------------------------------------------
Start Applying 'set_property' XDC Constraints
---------------------------------------------------------------------------------
Applied set_property KEEP_HIERARCHY = SOFT for vio. (constraint file  auto generated constraint).
Applied set_property KEEP_HIERARCHY = SOFT for ila. (constraint file  auto generated constraint).
---------------------------------------------------------------------------------
Finished applying 'set_property' XDC Constraints : Time (s): cpu = 00:00:11 ; elapsed = 00:00:11 . Memory (MB): peak = 2222.414 ; gain = 537.457 ; free physical = 582 ; free virtual = 2956
---------------------------------------------------------------------------------
---------------------------------------------------------------------------------
Finished RTL Optimization Phase 2 : Time (s): cpu = 00:00:11 ; elapsed = 00:00:11 . Memory (MB): peak = 2222.414 ; gain = 537.457 ; free physical = 578 ; free virtual = 2953
---------------------------------------------------------------------------------
---------------------------------------------------------------------------------
Start RTL Component Statistics 
---------------------------------------------------------------------------------
Detailed RTL Component Info : 
+---Registers : 
	                1 Bit    Registers := 1     
---------------------------------------------------------------------------------
Finished RTL Component Statistics 
---------------------------------------------------------------------------------
---------------------------------------------------------------------------------
Start Part Resource Summary
---------------------------------------------------------------------------------
Part Resources:
DSPs: 90 (col length:60)
BRAMs: 100 (col length: RAMB18 60 RAMB36 30)
---------------------------------------------------------------------------------
Finished Part Resource Summary
---------------------------------------------------------------------------------
---------------------------------------------------------------------------------
Start Cross Boundary and Area Optimization
---------------------------------------------------------------------------------
WARNING: [Synth 8-7080] Parallel synthesis criteria is not met
---------------------------------------------------------------------------------
Finished Cross Boundary and Area Optimization : Time (s): cpu = 00:00:12 ; elapsed = 00:00:12 . Memory (MB): peak = 2222.414 ; gain = 537.457 ; free physical = 574 ; free virtual = 2952
---------------------------------------------------------------------------------
---------------------------------------------------------------------------------
Start Applying XDC Timing Constraints
---------------------------------------------------------------------------------
WARNING: [Synth 8-565] redefining clock 'clk'
---------------------------------------------------------------------------------
Finished Applying XDC Timing Constraints : Time (s): cpu = 00:00:16 ; elapsed = 00:00:17 . Memory (MB): peak = 2222.414 ; gain = 537.457 ; free physical = 570 ; free virtual = 2949
---------------------------------------------------------------------------------
---------------------------------------------------------------------------------
Start Timing Optimization
---------------------------------------------------------------------------------
---------------------------------------------------------------------------------
Finished Timing Optimization : Time (s): cpu = 00:00:16 ; elapsed = 00:00:17 . Memory (MB): peak = 2222.414 ; gain = 537.457 ; free physical = 570 ; free virtual = 2949
---------------------------------------------------------------------------------
---------------------------------------------------------------------------------
Start Technology Mapping
---------------------------------------------------------------------------------
---------------------------------------------------------------------------------
Finished Technology Mapping : Time (s): cpu = 00:00:16 ; elapsed = 00:00:17 . Memory (MB): peak = 2222.414 ; gain = 537.457 ; free physical = 570 ; free virtual = 2949
---------------------------------------------------------------------------------
---------------------------------------------------------------------------------
Start IO Insertion
---------------------------------------------------------------------------------
---------------------------------------------------------------------------------
Start Flattening Before IO Insertion
---------------------------------------------------------------------------------
---------------------------------------------------------------------------------
Finished Flattening Before IO Insertion
---------------------------------------------------------------------------------
---------------------------------------------------------------------------------
Start Final Netlist Cleanup
---------------------------------------------------------------------------------
---------------------------------------------------------------------------------
Finished Final Netlist Cleanup
---------------------------------------------------------------------------------
---------------------------------------------------------------------------------
Finished IO Insertion : Time (s): cpu = 00:00:20 ; elapsed = 00:00:20 . Memory (MB): peak = 2222.414 ; gain = 537.457 ; free physical = 565 ; free virtual = 2943
---------------------------------------------------------------------------------
---------------------------------------------------------------------------------
Start Renaming Generated Instances
---------------------------------------------------------------------------------
---------------------------------------------------------------------------------
Finished Renaming Generated Instances : Time (s): cpu = 00:00:20 ; elapsed = 00:00:20 . Memory (MB): peak = 2222.414 ; gain = 537.457 ; free physical = 565 ; free virtual = 2943
---------------------------------------------------------------------------------
---------------------------------------------------------------------------------
Start Rebuilding User Hierarchy
---------------------------------------------------------------------------------
---------------------------------------------------------------------------------
Finished Rebuilding User Hierarchy : Time (s): cpu = 00:00:20 ; elapsed = 00:00:20 . Memory (MB): peak = 2222.414 ; gain = 537.457 ; free physical = 565 ; free virtual = 2943
---------------------------------------------------------------------------------
---------------------------------------------------------------------------------
Start Renaming Generated Ports
---------------------------------------------------------------------------------
---------------------------------------------------------------------------------
Finished Renaming Generated Ports : Time (s): cpu = 00:00:20 ; elapsed = 00:00:20 . Memory (MB): peak = 2222.414 ; gain = 537.457 ; free physical = 565 ; free virtual = 2943
---------------------------------------------------------------------------------
---------------------------------------------------------------------------------
Start Handling Custom Attributes
---------------------------------------------------------------------------------
---------------------------------------------------------------------------------
Finished Handling Custom Attributes : Time (s): cpu = 00:00:20 ; elapsed = 00:00:20 . Memory (MB): peak = 2222.414 ; gain = 537.457 ; free physical = 565 ; free virtual = 2943
---------------------------------------------------------------------------------
---------------------------------------------------------------------------------
Start Renaming Generated Nets
---------------------------------------------------------------------------------
---------------------------------------------------------------------------------
Finished Renaming Generated Nets : Time (s): cpu = 00:00:20 ; elapsed = 00:00:20 . Memory (MB): peak = 2222.414 ; gain = 537.457 ; free physical = 565 ; free virtual = 2943
---------------------------------------------------------------------------------
---------------------------------------------------------------------------------
Start Writing Synthesis Report
---------------------------------------------------------------------------------

Report BlackBoxes: 
+------+--------------+----------+
|      |BlackBox name |Instances |
+------+--------------+----------+
|1     |vio_0         |         1|
|2     |ila_0         |         1|
+------+--------------+----------+

Report Cell Usage: 
+------+-----+------+
|      |Cell |Count |
+------+-----+------+
|1     |ila  |     1|
|2     |vio  |     1|
|3     |BUFG |     1|
|4     |FDCE |     1|
|5     |IBUF |     1|
+------+-----+------+
---------------------------------------------------------------------------------
Finished Writing Synthesis Report : Time (s): cpu = 00:00:20 ; elapsed = 00:00:20 . Memory (MB): peak = 2222.414 ; gain = 537.457 ; free physical = 565 ; free virtual = 2943
---------------------------------------------------------------------------------
Synthesis finished with 0 errors, 0 critical warnings and 2 warnings.
Synthesis Optimization Runtime : Time (s): cpu = 00:00:18 ; elapsed = 00:00:19 . Memory (MB): peak = 2222.414 ; gain = 464.520 ; free physical = 565 ; free virtual = 2943
Synthesis Optimization Complete : Time (s): cpu = 00:00:20 ; elapsed = 00:00:20 . Memory (MB): peak = 2222.414 ; gain = 537.457 ; free physical = 565 ; free virtual = 2943
INFO: [Project 1-571] Translating synthesized netlist
Netlist sorting complete. Time (s): cpu = 00:00:00 ; elapsed = 00:00:00 . Memory (MB): peak = 2222.414 ; gain = 0.000 ; free physical = 565 ; free virtual = 2943
INFO: [Project 1-570] Preparing netlist for logic optimization
INFO: [Opt 31-138] Pushed 0 inverter(s) to 0 load pin(s).
Netlist sorting complete. Time (s): cpu = 00:00:00 ; elapsed = 00:00:00 . Memory (MB): peak = 2222.414 ; gain = 0.000 ; free physical = 844 ; free virtual = 3223
INFO: [Project 1-111] Unisim Transformation Summary:
No Unisim elements were transformed.

Synth Design complete | Checksum: 753d6ca0
INFO: [Common 17-83] Releasing license: Synthesis
28 Infos, 9 Warnings, 0 Critical Warnings and 0 Errors encountered.
synth_design completed successfully
synth_design: Time (s): cpu = 00:00:26 ; elapsed = 00:00:24 . Memory (MB): peak = 2222.414 ; gain = 852.559 ; free physical = 844 ; free virtual = 3223
INFO: [Common 17-2834] synth_design peak Physical Memory [PSS] (MB): overall = 1915.269; main = 1612.383; forked = 398.919
INFO: [Common 17-2834] synth_design peak Virtual Memory [VSS] (MB): overall = 3194.109; main = 2190.402; forked = 1003.707
INFO: [Common 17-1381] The checkpoint '/home/kanish/System_Design_through_FPGA/Vivado/ila_demo/ila_demo.runs/synth_1/dflipflop.dcp' has been generated.
INFO: [runtcl-4] Executing : report_utilization -file dflipflop_utilization_synth.rpt -pb dflipflop_utilization_synth.pb
INFO: [Common 17-206] Exiting Vivado at Thu Aug 24 21:00:18 2023...
