
*** Running vivado
    with args -log top.vds -m64 -product Vivado -mode batch -messageDb vivado.pb -notrace -source top.tcl


ECHO is off.
ECHO is off.

****** Vivado v2023.1 (64-bit)
  **** SW Build 3865809 on Sun May  7 15:05:29 MDT 2023
  **** IP Build 3864474 on Sun May  7 20:36:21 MDT 2023
  **** SharedData Build 3865790 on Sun May 07 13:33:03 MDT 2023
    ** Copyright 1986-2022 Xilinx, Inc. All Rights Reserved.
    ** Copyright 2022-2023 Advanced Micro Devices, Inc. All Rights Reserved.

source top.tcl -notrace
create_project: Time (s): cpu = 00:00:13 ; elapsed = 00:00:14 . Memory (MB): peak = 468.441 ; gain = 168.305
Command: read_checkpoint -auto_incremental -incremental C:/Users/alwinshaju/mac_c_new/mac_c_new.srcs/utils_1/imports/synth_1/top.dcp
INFO: [Vivado 12-5825] Read reference checkpoint from C:/Users/alwinshaju/mac_c_new/mac_c_new.srcs/utils_1/imports/synth_1/top.dcp for incremental synthesis
INFO: [Vivado 12-7989] Please ensure there are no constraint changes
Command: synth_design -top top -part xc7a35tcpg236-1
Starting synth_design
Attempting to get a license for feature 'Synthesis' and/or device 'xc7a35t'
INFO: [Common 17-349] Got license for feature 'Synthesis' and/or device 'xc7a35t'
INFO: [Device 21-403] Loading part xc7a35tcpg236-1
INFO: [Designutils 20-5440] No compile time benefit to using incremental synthesis; A full resynthesis will be run
INFO: [Designutils 20-4379] Flow is switching to default flow due to incremental criteria not met. If you would like to alter this behaviour and have the flow terminate instead, please set the following parameter config_implementation {autoIncr.Synth.RejectBehavior Terminate}
INFO: [Synth 8-7079] Multithreading enabled for synth_design using a maximum of 2 processes.
INFO: [Synth 8-7078] Launching helper process for spawning children vivado processes
INFO: [Synth 8-7075] Helper process launched with PID 8460
---------------------------------------------------------------------------------
Starting RTL Elaboration : Time (s): cpu = 00:00:09 ; elapsed = 00:00:10 . Memory (MB): peak = 1299.949 ; gain = 410.582
---------------------------------------------------------------------------------
INFO: [Synth 8-6157] synthesizing module 'top' [C:/Users/alwinshaju/mac_c_new/mac_c_new.srcs/sources_1/imports/new/top.v:23]
INFO: [Synth 8-6157] synthesizing module 'vio_0' [C:/Users/alwinshaju/mac_c_new/mac_c_new.runs/synth_1/.Xil/Vivado-3624-ALWINSHAJUE438/realtime/vio_0_stub.v:6]
INFO: [Synth 8-6155] done synthesizing module 'vio_0' (0#1) [C:/Users/alwinshaju/mac_c_new/mac_c_new.runs/synth_1/.Xil/Vivado-3624-ALWINSHAJUE438/realtime/vio_0_stub.v:6]
INFO: [Synth 8-6157] synthesizing module 'mac' [C:/Users/alwinshaju/mac_c_new/mac_c_new.runs/synth_1/.Xil/Vivado-3624-ALWINSHAJUE438/realtime/mac_stub.v:6]
INFO: [Synth 8-6155] done synthesizing module 'mac' (0#1) [C:/Users/alwinshaju/mac_c_new/mac_c_new.runs/synth_1/.Xil/Vivado-3624-ALWINSHAJUE438/realtime/mac_stub.v:6]
INFO: [Synth 8-6155] done synthesizing module 'top' (0#1) [C:/Users/alwinshaju/mac_c_new/mac_c_new.srcs/sources_1/imports/new/top.v:23]
INFO: [Synth 8-6071] Mark debug on the nets applies keep_hierarchy on instance 'name'. This will prevent further optimization [C:/Users/alwinshaju/mac_c_new/mac_c_new.srcs/sources_1/imports/new/top.v:32]
INFO: [Synth 8-6071] Mark debug on the nets applies keep_hierarchy on instance 'M15'. This will prevent further optimization [C:/Users/alwinshaju/mac_c_new/mac_c_new.srcs/sources_1/imports/new/top.v:43]
INFO: [Synth 8-6071] Mark debug on the nets applies keep_hierarchy on instance 'M0'. This will prevent further optimization [C:/Users/alwinshaju/mac_c_new/mac_c_new.srcs/sources_1/imports/new/top.v:41]
---------------------------------------------------------------------------------
Finished RTL Elaboration : Time (s): cpu = 00:00:11 ; elapsed = 00:00:12 . Memory (MB): peak = 1390.484 ; gain = 501.117
---------------------------------------------------------------------------------
---------------------------------------------------------------------------------
Start Handling Custom Attributes
---------------------------------------------------------------------------------
---------------------------------------------------------------------------------
Finished Handling Custom Attributes : Time (s): cpu = 00:00:11 ; elapsed = 00:00:13 . Memory (MB): peak = 1390.484 ; gain = 501.117
---------------------------------------------------------------------------------
---------------------------------------------------------------------------------
Finished RTL Optimization Phase 1 : Time (s): cpu = 00:00:11 ; elapsed = 00:00:13 . Memory (MB): peak = 1390.484 ; gain = 501.117
---------------------------------------------------------------------------------
Netlist sorting complete. Time (s): cpu = 00:00:00 ; elapsed = 00:00:00.002 . Memory (MB): peak = 1390.484 ; gain = 0.000
INFO: [Project 1-570] Preparing netlist for logic optimization

Processing XDC Constraints
Initializing timing engine
Parsing XDC File [C:/Users/alwinshaju/mac_c_new/mac_c_new.runs/mac_synth_1/mac/mac_in_context.xdc] for cell 'M0'
Finished Parsing XDC File [C:/Users/alwinshaju/mac_c_new/mac_c_new.runs/mac_synth_1/mac/mac_in_context.xdc] for cell 'M0'
Parsing XDC File [C:/Users/alwinshaju/mac_c_new/mac_c_new.runs/mac_synth_1/mac/mac_in_context.xdc] for cell 'M15'
Finished Parsing XDC File [C:/Users/alwinshaju/mac_c_new/mac_c_new.runs/mac_synth_1/mac/mac_in_context.xdc] for cell 'M15'
Parsing XDC File [c:/Users/alwinshaju/mac_c_new/mac_c_new.gen/sources_1/ip/vio_0/vio_0/vio_0_in_context.xdc] for cell 'name'
Finished Parsing XDC File [c:/Users/alwinshaju/mac_c_new/mac_c_new.gen/sources_1/ip/vio_0/vio_0/vio_0_in_context.xdc] for cell 'name'
Parsing XDC File [C:/Users/alwinshaju/mac_c_new/mac_c_new.runs/synth_1/hd_reconfig.xdc]
Finished Parsing XDC File [C:/Users/alwinshaju/mac_c_new/mac_c_new.runs/synth_1/hd_reconfig.xdc]
Parsing XDC File [C:/Users/alwinshaju/mac_c_new/mac_c_new.srcs/constrs_1/new/constraints.xdc]
Finished Parsing XDC File [C:/Users/alwinshaju/mac_c_new/mac_c_new.srcs/constrs_1/new/constraints.xdc]
INFO: [Project 1-236] Implementation specific constraints were found while reading constraint file [C:/Users/alwinshaju/mac_c_new/mac_c_new.srcs/constrs_1/new/constraints.xdc]. These constraints will be ignored for synthesis but will be used in implementation. Impacted constraints are listed in the file [.Xil/top_propImpl.xdc].
Resolution: To avoid this warning, move constraints listed in [.Xil/top_propImpl.xdc] to another XDC file and exclude this new file from synthesis with the used_in_synthesis property (File Properties dialog in GUI) and re-run elaboration/synthesis.
Completed Processing XDC Constraints

Netlist sorting complete. Time (s): cpu = 00:00:00 ; elapsed = 00:00:00 . Memory (MB): peak = 1406.055 ; gain = 0.000
INFO: [Project 1-111] Unisim Transformation Summary:
No Unisim elements were transformed.

Constraint Validation Runtime : Time (s): cpu = 00:00:00 ; elapsed = 00:00:00.005 . Memory (MB): peak = 1406.055 ; gain = 0.000
INFO: [Designutils 20-5440] No compile time benefit to using incremental synthesis; A full resynthesis will be run
INFO: [Designutils 20-4379] Flow is switching to default flow due to incremental criteria not met. If you would like to alter this behaviour and have the flow terminate instead, please set the following parameter config_implementation {autoIncr.Synth.RejectBehavior Terminate}
---------------------------------------------------------------------------------
Finished Constraint Validation : Time (s): cpu = 00:00:25 ; elapsed = 00:00:26 . Memory (MB): peak = 1406.055 ; gain = 516.688
---------------------------------------------------------------------------------
---------------------------------------------------------------------------------
Start Loading Part and Timing Information
---------------------------------------------------------------------------------
Loading part: xc7a35tcpg236-1
---------------------------------------------------------------------------------
Finished Loading Part and Timing Information : Time (s): cpu = 00:00:25 ; elapsed = 00:00:26 . Memory (MB): peak = 1406.055 ; gain = 516.688
---------------------------------------------------------------------------------
---------------------------------------------------------------------------------
Start Applying 'set_property' XDC Constraints
---------------------------------------------------------------------------------
Applied set_property DONT_TOUCH = true for M0. (constraint file  C:/Users/alwinshaju/mac_c_new/mac_c_new.runs/synth_1/hd_reconfig.xdc, line 5).
Applied set_property HD.RECONFIGURABLE = true for M0. (constraint file  C:/Users/alwinshaju/mac_c_new/mac_c_new.runs/synth_1/hd_reconfig.xdc, line 5).
Applied set_property DONT_TOUCH = true for M15. (constraint file  C:/Users/alwinshaju/mac_c_new/mac_c_new.runs/synth_1/hd_reconfig.xdc, line 5).
Applied set_property HD.RECONFIGURABLE = true for M15. (constraint file  C:/Users/alwinshaju/mac_c_new/mac_c_new.runs/synth_1/hd_reconfig.xdc, line 5).
Applied set_property KEEP_HIERARCHY = SOFT for name. (constraint file  auto generated constraint).
---------------------------------------------------------------------------------
Finished applying 'set_property' XDC Constraints : Time (s): cpu = 00:00:25 ; elapsed = 00:00:26 . Memory (MB): peak = 1406.055 ; gain = 516.688
---------------------------------------------------------------------------------
---------------------------------------------------------------------------------
Finished RTL Optimization Phase 2 : Time (s): cpu = 00:00:25 ; elapsed = 00:00:26 . Memory (MB): peak = 1406.055 ; gain = 516.688
---------------------------------------------------------------------------------
---------------------------------------------------------------------------------
Start RTL Component Statistics 
---------------------------------------------------------------------------------
Detailed RTL Component Info : 
---------------------------------------------------------------------------------
Finished RTL Component Statistics 
---------------------------------------------------------------------------------
---------------------------------------------------------------------------------
Start Part Resource Summary
---------------------------------------------------------------------------------
Part Resources:
DSPs: 90 (col length:60)
BRAMs: 100 (col length: RAMB18 60 RAMB36 30)
---------------------------------------------------------------------------------
Finished Part Resource Summary
---------------------------------------------------------------------------------
---------------------------------------------------------------------------------
Start Cross Boundary and Area Optimization
---------------------------------------------------------------------------------
WARNING: [Synth 8-7080] Parallel synthesis criteria is not met
---------------------------------------------------------------------------------
Finished Cross Boundary and Area Optimization : Time (s): cpu = 00:00:28 ; elapsed = 00:00:30 . Memory (MB): peak = 1406.055 ; gain = 516.688
---------------------------------------------------------------------------------
---------------------------------------------------------------------------------
Start Applying XDC Timing Constraints
---------------------------------------------------------------------------------
---------------------------------------------------------------------------------
Finished Applying XDC Timing Constraints : Time (s): cpu = 00:00:55 ; elapsed = 00:00:57 . Memory (MB): peak = 1406.055 ; gain = 516.688
---------------------------------------------------------------------------------
---------------------------------------------------------------------------------
Start Timing Optimization
---------------------------------------------------------------------------------
---------------------------------------------------------------------------------
Finished Timing Optimization : Time (s): cpu = 00:00:55 ; elapsed = 00:00:57 . Memory (MB): peak = 1406.055 ; gain = 516.688
---------------------------------------------------------------------------------
---------------------------------------------------------------------------------
Start Technology Mapping
---------------------------------------------------------------------------------
---------------------------------------------------------------------------------
Finished Technology Mapping : Time (s): cpu = 00:00:55 ; elapsed = 00:00:57 . Memory (MB): peak = 1406.055 ; gain = 516.688
---------------------------------------------------------------------------------
---------------------------------------------------------------------------------
Start IO Insertion
---------------------------------------------------------------------------------
---------------------------------------------------------------------------------
Start Flattening Before IO Insertion
---------------------------------------------------------------------------------
---------------------------------------------------------------------------------
Finished Flattening Before IO Insertion
---------------------------------------------------------------------------------
---------------------------------------------------------------------------------
Start Final Netlist Cleanup
---------------------------------------------------------------------------------
---------------------------------------------------------------------------------
Finished Final Netlist Cleanup
---------------------------------------------------------------------------------
---------------------------------------------------------------------------------
Finished IO Insertion : Time (s): cpu = 00:01:02 ; elapsed = 00:01:04 . Memory (MB): peak = 1406.055 ; gain = 516.688
---------------------------------------------------------------------------------
---------------------------------------------------------------------------------
Start Renaming Generated Instances
---------------------------------------------------------------------------------
---------------------------------------------------------------------------------
Finished Renaming Generated Instances : Time (s): cpu = 00:01:02 ; elapsed = 00:01:04 . Memory (MB): peak = 1406.055 ; gain = 516.688
---------------------------------------------------------------------------------
---------------------------------------------------------------------------------
Start Rebuilding User Hierarchy
---------------------------------------------------------------------------------
---------------------------------------------------------------------------------
Finished Rebuilding User Hierarchy : Time (s): cpu = 00:01:02 ; elapsed = 00:01:04 . Memory (MB): peak = 1406.055 ; gain = 516.688
---------------------------------------------------------------------------------
---------------------------------------------------------------------------------
Start Renaming Generated Ports
---------------------------------------------------------------------------------
---------------------------------------------------------------------------------
Finished Renaming Generated Ports : Time (s): cpu = 00:01:02 ; elapsed = 00:01:04 . Memory (MB): peak = 1406.055 ; gain = 516.688
---------------------------------------------------------------------------------
---------------------------------------------------------------------------------
Start Handling Custom Attributes
---------------------------------------------------------------------------------
---------------------------------------------------------------------------------
Finished Handling Custom Attributes : Time (s): cpu = 00:01:02 ; elapsed = 00:01:04 . Memory (MB): peak = 1406.055 ; gain = 516.688
---------------------------------------------------------------------------------
---------------------------------------------------------------------------------
Start Renaming Generated Nets
---------------------------------------------------------------------------------
---------------------------------------------------------------------------------
Finished Renaming Generated Nets : Time (s): cpu = 00:01:02 ; elapsed = 00:01:04 . Memory (MB): peak = 1406.055 ; gain = 516.688
---------------------------------------------------------------------------------
---------------------------------------------------------------------------------
Start Writing Synthesis Report
---------------------------------------------------------------------------------

Report BlackBoxes: 
+------+--------------+----------+
|      |BlackBox name |Instances |
+------+--------------+----------+
|1     |vio_0         |         1|
|2     |mac           |         2|
+------+--------------+----------+

Report Cell Usage: 
+------+-----+------+
|      |Cell |Count |
+------+-----+------+
|1     |mac  |     2|
|3     |vio  |     1|
|4     |IBUF |     1|
+------+-----+------+
---------------------------------------------------------------------------------
Finished Writing Synthesis Report : Time (s): cpu = 00:01:02 ; elapsed = 00:01:04 . Memory (MB): peak = 1406.055 ; gain = 516.688
---------------------------------------------------------------------------------
Synthesis finished with 0 errors, 0 critical warnings and 1 warnings.
Synthesis Optimization Runtime : Time (s): cpu = 00:00:47 ; elapsed = 00:01:01 . Memory (MB): peak = 1406.055 ; gain = 501.117
Synthesis Optimization Complete : Time (s): cpu = 00:01:02 ; elapsed = 00:01:04 . Memory (MB): peak = 1406.055 ; gain = 516.688
INFO: [Project 1-571] Translating synthesized netlist
Netlist sorting complete. Time (s): cpu = 00:00:00 ; elapsed = 00:00:00.002 . Memory (MB): peak = 1415.863 ; gain = 0.000
INFO: [Project 1-570] Preparing netlist for logic optimization
INFO: [Opt 31-138] Pushed 0 inverter(s) to 0 load pin(s).
Netlist sorting complete. Time (s): cpu = 00:00:00 ; elapsed = 00:00:00 . Memory (MB): peak = 1419.543 ; gain = 0.000
INFO: [Project 1-111] Unisim Transformation Summary:
No Unisim elements were transformed.

Synth Design complete | Checksum: d19d76cd
INFO: [Common 17-83] Releasing license: Synthesis
28 Infos, 1 Warnings, 0 Critical Warnings and 0 Errors encountered.
synth_design completed successfully
synth_design: Time (s): cpu = 00:01:14 ; elapsed = 00:01:16 . Memory (MB): peak = 1419.543 ; gain = 912.039
INFO: [Common 17-1381] The checkpoint 'C:/Users/alwinshaju/mac_c_new/mac_c_new.runs/synth_1/top.dcp' has been generated.
INFO: [runtcl-4] Executing : report_utilization -file top_utilization_synth.rpt -pb top_utilization_synth.pb
INFO: [Common 17-206] Exiting Vivado at Fri Oct  6 21:36:28 2023...
