Copyright 1986-2022 Xilinx, Inc. All Rights Reserved. Copyright 2022-2023 Advanced Micro Devices, Inc. All Rights Reserved.
-----------------------------------------------------------------------------------------------------------------------------------------------
| Tool Version : Vivado v.2023.1 (lin64) Build 3865809 Sun May  7 15:04:56 MDT 2023
| Date         : Fri Oct 13 19:23:58 2023
| Host         : kanish-G3-3500 running 64-bit Ubuntu 22.04.3 LTS
| Command      : report_methodology -file top_methodology_drc_routed.rpt -pb top_methodology_drc_routed.pb -rpx top_methodology_drc_routed.rpx
| Design       : top
| Device       : xc7a35tcpg236-1
| Speed File   : -1
| Design State : Fully Routed
-----------------------------------------------------------------------------------------------------------------------------------------------

Report Methodology

Table of Contents
-----------------
1. REPORT SUMMARY
2. REPORT DETAILS

1. REPORT SUMMARY
-----------------
            Netlist: netlist
          Floorplan: design_1
      Design limits: <entire design considered>
             Max violations: <unlimited>
             Violations found: 2
+-------+----------+----------------------------------------------+------------+
| Rule  | Severity | Description                                  | Violations |
+-------+----------+----------------------------------------------+------------+
| DFX-1 | Warning  | Multiple Reconfigurable Modules Share Driver | 2          |
+-------+----------+----------------------------------------------+------------+

2. REPORT DETAILS
-----------------
DFX-1#1 Warning
Multiple Reconfigurable Modules Share Driver  
Reconfigurable modules 'ha hs comp ' are driven by the same cell 'a_IBUF_inst'. In Dynamic Function eXchange flow, this type of boundary connection is sub-optimal. It is recommended that different reconfigurable modules do not share the same driving cells.
Related violations: <none>

DFX-1#2 Warning
Multiple Reconfigurable Modules Share Driver  
Reconfigurable modules 'ha hs comp ' are driven by the same cell 'b_IBUF_inst'. In Dynamic Function eXchange flow, this type of boundary connection is sub-optimal. It is recommended that different reconfigurable modules do not share the same driving cells.
Related violations: <none>


