Copyright 1986-2022 Xilinx, Inc. All Rights Reserved. Copyright 2022-2023 Advanced Micro Devices, Inc. All Rights Reserved.
------------------------------------------------------------------------------------------------------------------------------------------------------------------------------------------------------
| Tool Version : Vivado v.2023.1 (lin64) Build 3865809 Sun May  7 15:04:56 MDT 2023
| Date         : Fri Oct 13 19:23:59 2023
| Host         : kanish-G3-3500 running 64-bit Ubuntu 22.04.3 LTS
| Command      : report_timing_summary -max_paths 10 -report_unconstrained -file top_timing_summary_routed.rpt -pb top_timing_summary_routed.pb -rpx top_timing_summary_routed.rpx -warn_on_violation
| Design       : top
| Device       : 7a35t-cpg236
| Speed File   : -1  PRODUCTION 1.23 2018-06-13
| Design State : Routed
------------------------------------------------------------------------------------------------------------------------------------------------------------------------------------------------------

Timing Summary Report

------------------------------------------------------------------------------------------------
| Timer Settings
| --------------
------------------------------------------------------------------------------------------------

  Enable Multi Corner Analysis               :  Yes
  Enable Pessimism Removal                   :  Yes
  Pessimism Removal Resolution               :  Nearest Common Node
  Enable Input Delay Default Clock           :  No
  Enable Preset / Clear Arcs                 :  No
  Disable Flight Delays                      :  No
  Ignore I/O Paths                           :  No
  Timing Early Launch at Borrowing Latches   :  No
  Borrow Time for Max Delay Exceptions       :  Yes
  Merge Timing Exceptions                    :  Yes

  Corner  Analyze    Analyze    
  Name    Max Paths  Min Paths  
  ------  ---------  ---------  
  Slow    Yes        Yes        
  Fast    Yes        Yes        


------------------------------------------------------------------------------------------------
| Report Methodology
| ------------------
------------------------------------------------------------------------------------------------

Rule   Severity  Description                                   Violations  
-----  --------  --------------------------------------------  ----------  
DFX-1  Warning   Multiple Reconfigurable Modules Share Driver  2           

Note: This report is based on the most recent report_methodology run and may not be up-to-date. Run report_methodology on the current design for the latest report.



check_timing report

Table of Contents
-----------------
1. checking no_clock (0)
2. checking constant_clock (0)
3. checking pulse_width_clock (0)
4. checking unconstrained_internal_endpoints (0)
5. checking no_input_delay (0)
6. checking no_output_delay (0)
7. checking multiple_clock (0)
8. checking generated_clocks (0)
9. checking loops (0)
10. checking partial_input_delay (0)
11. checking partial_output_delay (0)
12. checking latch_loops (0)

1. checking no_clock (0)
------------------------
 There are 0 register/latch pins with no clock.


2. checking constant_clock (0)
------------------------------
 There are 0 register/latch pins with constant_clock.


3. checking pulse_width_clock (0)
---------------------------------
 There are 0 register/latch pins which need pulse_width check


4. checking unconstrained_internal_endpoints (0)
------------------------------------------------
 There are 0 pins that are not constrained for maximum delay.

 There are 0 pins that are not constrained for maximum delay due to constant clock.


5. checking no_input_delay (0)
------------------------------
 There are 0 input ports with no input delay specified.

 There are 0 input ports with no input delay but user has a false path constraint.


6. checking no_output_delay (0)
-------------------------------
 There are 0 ports with no output delay specified.

 There are 0 ports with no output delay but user has a false path constraint

 There are 0 ports with no output delay but with a timing clock defined on it or propagating through it


7. checking multiple_clock (0)
------------------------------
 There are 0 register/latch pins with multiple clocks.


8. checking generated_clocks (0)
--------------------------------
 There are 0 generated clocks that are not connected to a clock source.


9. checking loops (0)
---------------------
 There are 0 combinational loops in the design.


10. checking partial_input_delay (0)
------------------------------------
 There are 0 input ports with partial input delay specified.


11. checking partial_output_delay (0)
-------------------------------------
 There are 0 ports with partial output delay specified.


12. checking latch_loops (0)
----------------------------
 There are 0 combinational latch loops in the design through latch input



------------------------------------------------------------------------------------------------
| Design Timing Summary
| ---------------------
------------------------------------------------------------------------------------------------

    WNS(ns)      TNS(ns)  TNS Failing Endpoints  TNS Total Endpoints      WHS(ns)      THS(ns)  THS Failing Endpoints  THS Total Endpoints     WPWS(ns)     TPWS(ns)  TPWS Failing Endpoints  TPWS Total Endpoints  
    -------      -------  ---------------------  -------------------      -------      -------  ---------------------  -------------------     --------     --------  ----------------------  --------------------  
        inf        0.000                      0                    6          inf        0.000                      0                    6           NA           NA                      NA                    NA  


There are no user specified timing constraints.


------------------------------------------------------------------------------------------------
| Clock Summary
| -------------
------------------------------------------------------------------------------------------------


------------------------------------------------------------------------------------------------
| Intra Clock Table
| -----------------
------------------------------------------------------------------------------------------------

Clock             WNS(ns)      TNS(ns)  TNS Failing Endpoints  TNS Total Endpoints      WHS(ns)      THS(ns)  THS Failing Endpoints  THS Total Endpoints     WPWS(ns)     TPWS(ns)  TPWS Failing Endpoints  TPWS Total Endpoints  
-----             -------      -------  ---------------------  -------------------      -------      -------  ---------------------  -------------------     --------     --------  ----------------------  --------------------  


------------------------------------------------------------------------------------------------
| Inter Clock Table
| -----------------
------------------------------------------------------------------------------------------------

From Clock    To Clock          WNS(ns)      TNS(ns)  TNS Failing Endpoints  TNS Total Endpoints      WHS(ns)      THS(ns)  THS Failing Endpoints  THS Total Endpoints  
----------    --------          -------      -------  ---------------------  -------------------      -------      -------  ---------------------  -------------------  


------------------------------------------------------------------------------------------------
| Other Path Groups Table
| -----------------------
------------------------------------------------------------------------------------------------

Path Group    From Clock    To Clock          WNS(ns)      TNS(ns)  TNS Failing Endpoints  TNS Total Endpoints      WHS(ns)      THS(ns)  THS Failing Endpoints  THS Total Endpoints  
----------    ----------    --------          -------      -------  ---------------------  -------------------      -------      -------  ---------------------  -------------------  


------------------------------------------------------------------------------------------------
| User Ignored Path Table
| -----------------------
------------------------------------------------------------------------------------------------

Path Group    From Clock    To Clock    
----------    ----------    --------    


------------------------------------------------------------------------------------------------
| Unconstrained Path Table
| ------------------------
------------------------------------------------------------------------------------------------

Path Group    From Clock    To Clock    
----------    ----------    --------    
(none)                                    


------------------------------------------------------------------------------------------------
| Timing Details
| --------------
------------------------------------------------------------------------------------------------


--------------------------------------------------------------------------------------
Path Group:  (none)
From Clock:  
  To Clock:  

Max Delay             6 Endpoints
Min Delay             6 Endpoints
--------------------------------------------------------------------------------------


Max Delay Paths
--------------------------------------------------------------------------------------
Slack:                    inf
  Source:                 b
                            (input port)
  Destination:            s1
                            (output port)
  Path Group:             (none)
  Path Type:              Max at Slow Process Corner
  Data Path Delay:        17.092ns  (logic 5.081ns (29.724%)  route 12.012ns (70.276%))
  Logic Levels:           3  (IBUF=1 LUT2=1 OBUF=1)

    Location             Delay type                Incr(ns)  Path(ns)    Partition      PBlock               Netlist Resource(s)
  -------------------------------------------------------------------    -------------------------------------------------------
    V17                                               0.000     0.000 r  static                              b (IN)
                         net (fo=0)                   0.000     0.000    static                              b
    V17                  IBUF (Prop_ibuf_I_O)         1.453     1.453 r  static                              b_IBUF_inst/O
                         net (fo=6, routed)           6.800     8.253    boundary                            hs/b
    SLICE_X54Y101        LUT2 (Prop_lut2_I0_O)        0.124     8.377 r  reconfigurable pblock_hs            hs/s_INST_0/O
                         net (fo=1, routed)           5.212    13.589    boundary                            s1_OBUF
    U3                   OBUF (Prop_obuf_I_O)         3.504    17.092 r  static                              s1_OBUF_inst/O
                         net (fo=0)                   0.000    17.092    static                              s1
    U3                                                                r  static                              s1 (OUT)
  -------------------------------------------------------------------    -------------------------------------------------------

Slack:                    inf
  Source:                 b
                            (input port)
  Destination:            c1
                            (output port)
  Path Group:             (none)
  Path Type:              Max at Slow Process Corner
  Data Path Delay:        15.454ns  (logic 5.095ns (32.969%)  route 10.359ns (67.031%))
  Logic Levels:           3  (IBUF=1 LUT2=1 OBUF=1)

    Location             Delay type                Incr(ns)  Path(ns)    Partition      PBlock               Netlist Resource(s)
  -------------------------------------------------------------------    -------------------------------------------------------
    V17                                               0.000     0.000 r  static                              b (IN)
                         net (fo=0)                   0.000     0.000    static                              b
    V17                  IBUF (Prop_ibuf_I_O)         1.453     1.453 r  static                              b_IBUF_inst/O
                         net (fo=6, routed)           6.808     8.261    boundary                            hs/b
    SLICE_X54Y101        LUT2 (Prop_lut2_I1_O)        0.124     8.385 r  reconfigurable pblock_hs            hs/c_INST_0/O
                         net (fo=1, routed)           3.550    11.935    boundary                            c1_OBUF
    P3                   OBUF (Prop_obuf_I_O)         3.518    15.454 r  static                              c1_OBUF_inst/O
                         net (fo=0)                   0.000    15.454    static                              c1
    P3                                                                r  static                              c1 (OUT)
  -------------------------------------------------------------------    -------------------------------------------------------

Slack:                    inf
  Source:                 a
                            (input port)
  Destination:            c0
                            (output port)
  Path Group:             (none)
  Path Type:              Max at Slow Process Corner
  Data Path Delay:        14.168ns  (logic 5.107ns (36.045%)  route 9.061ns (63.955%))
  Logic Levels:           3  (IBUF=1 LUT2=1 OBUF=1)

    Location             Delay type                Incr(ns)  Path(ns)    Partition      PBlock               Netlist Resource(s)
  -------------------------------------------------------------------    -------------------------------------------------------
    V16                                               0.000     0.000 r  static                              a (IN)
                         net (fo=0)                   0.000     0.000    static                              a
    V16                  IBUF (Prop_ibuf_I_O)         1.461     1.461 r  static                              a_IBUF_inst/O
                         net (fo=6, routed)           4.726     6.188    boundary                            ha/a
    SLICE_X48Y48         LUT2 (Prop_lut2_I1_O)        0.124     6.312 r  reconfigurable pblock_ha            ha/c_INST_0/O
                         net (fo=1, routed)           4.335    10.646    boundary                            c0_OBUF
    L1                   OBUF (Prop_obuf_I_O)         3.521    14.168 r  static                              c0_OBUF_inst/O
                         net (fo=0)                   0.000    14.168    static                              c0
    L1                                                                r  static                              c0 (OUT)
  -------------------------------------------------------------------    -------------------------------------------------------

Slack:                    inf
  Source:                 b
                            (input port)
  Destination:            s2
                            (output port)
  Path Group:             (none)
  Path Type:              Max at Slow Process Corner
  Data Path Delay:        13.851ns  (logic 5.081ns (36.684%)  route 8.770ns (63.316%))
  Logic Levels:           3  (IBUF=1 LUT2=1 OBUF=1)

    Location             Delay type                Incr(ns)  Path(ns)    Partition      PBlock               Netlist Resource(s)
  -------------------------------------------------------------------    -------------------------------------------------------
    V17                                               0.000     0.000 r  static                              b (IN)
                         net (fo=0)                   0.000     0.000    static                              b
    V17                  IBUF (Prop_ibuf_I_O)         1.453     1.453 r  static                              b_IBUF_inst/O
                         net (fo=6, routed)           3.961     5.414    boundary                            comp/b
    SLICE_X36Y51         LUT2 (Prop_lut2_I0_O)        0.124     5.538 r  reconfigurable pblock_comp          comp/s_INST_0/O
                         net (fo=1, routed)           4.809    10.347    boundary                            s2_OBUF
    V13                  OBUF (Prop_obuf_I_O)         3.504    13.851 r  static                              s2_OBUF_inst/O
                         net (fo=0)                   0.000    13.851    static                              s2
    V13                                                               r  static                              s2 (OUT)
  -------------------------------------------------------------------    -------------------------------------------------------

Slack:                    inf
  Source:                 a
                            (input port)
  Destination:            s0
                            (output port)
  Path Group:             (none)
  Path Type:              Max at Slow Process Corner
  Data Path Delay:        13.117ns  (logic 5.101ns (38.887%)  route 8.016ns (61.113%))
  Logic Levels:           3  (IBUF=1 LUT2=1 OBUF=1)

    Location             Delay type                Incr(ns)  Path(ns)    Partition      PBlock               Netlist Resource(s)
  -------------------------------------------------------------------    -------------------------------------------------------
    V16                                               0.000     0.000 r  static                              a (IN)
                         net (fo=0)                   0.000     0.000    static                              a
    V16                  IBUF (Prop_ibuf_I_O)         1.461     1.461 r  static                              a_IBUF_inst/O
                         net (fo=6, routed)           4.934     6.395    boundary                            ha/a
    SLICE_X48Y47         LUT2 (Prop_lut2_I1_O)        0.124     6.519 r  reconfigurable pblock_ha            ha/s_INST_0/O
                         net (fo=1, routed)           3.082     9.602    boundary                            s0_OBUF
    P1                   OBUF (Prop_obuf_I_O)         3.515    13.117 r  static                              s0_OBUF_inst/O
                         net (fo=0)                   0.000    13.117    static                              s0
    P1                                                                r  static                              s0 (OUT)
  -------------------------------------------------------------------    -------------------------------------------------------

Slack:                    inf
  Source:                 a
                            (input port)
  Destination:            c2
                            (output port)
  Path Group:             (none)
  Path Type:              Max at Slow Process Corner
  Data Path Delay:        12.169ns  (logic 5.094ns (41.855%)  route 7.076ns (58.145%))
  Logic Levels:           3  (IBUF=1 LUT2=1 OBUF=1)

    Location             Delay type                Incr(ns)  Path(ns)    Partition      PBlock               Netlist Resource(s)
  -------------------------------------------------------------------    -------------------------------------------------------
    V16                                               0.000     0.000 f  static                              a (IN)
                         net (fo=0)                   0.000     0.000    static                              a
    V16                  IBUF (Prop_ibuf_I_O)         1.461     1.461 f  static                              a_IBUF_inst/O
                         net (fo=6, routed)           3.864     5.325    boundary                            comp/a
    SLICE_X38Y51         LUT2 (Prop_lut2_I1_O)        0.124     5.449 r  reconfigurable pblock_comp          comp/c_INST_0/O
                         net (fo=1, routed)           3.212     8.661    boundary                            c2_OBUF
    V3                   OBUF (Prop_obuf_I_O)         3.508    12.169 r  static                              c2_OBUF_inst/O
                         net (fo=0)                   0.000    12.169    static                              c2
    V3                                                                r  static                              c2 (OUT)
  -------------------------------------------------------------------    -------------------------------------------------------





Min Delay Paths
--------------------------------------------------------------------------------------
Slack:                    inf
  Source:                 b
                            (input port)
  Destination:            c2
                            (output port)
  Path Group:             (none)
  Path Type:              Min at Fast Process Corner
  Data Path Delay:        4.028ns  (logic 1.475ns (36.629%)  route 2.552ns (63.371%))
  Logic Levels:           3  (IBUF=1 LUT2=1 OBUF=1)

    Location             Delay type                Incr(ns)  Path(ns)    Partition      PBlock               Netlist Resource(s)
  -------------------------------------------------------------------    -------------------------------------------------------
    V17                                               0.000     0.000 r  static                              b (IN)
                         net (fo=0)                   0.000     0.000    static                              b
    V17                  IBUF (Prop_ibuf_I_O)         0.221     0.221 r  static                              b_IBUF_inst/O
                         net (fo=6, routed)           1.485     1.706    boundary                            comp/b
    SLICE_X38Y51         LUT2 (Prop_lut2_I0_O)        0.045     1.751 r  reconfigurable pblock_comp          comp/c_INST_0/O
                         net (fo=1, routed)           1.067     2.818    boundary                            c2_OBUF
    V3                   OBUF (Prop_obuf_I_O)         1.209     4.028 r  static                              c2_OBUF_inst/O
                         net (fo=0)                   0.000     4.028    static                              c2
    V3                                                                r  static                              c2 (OUT)
  -------------------------------------------------------------------    -------------------------------------------------------

Slack:                    inf
  Source:                 b
                            (input port)
  Destination:            s0
                            (output port)
  Path Group:             (none)
  Path Type:              Min at Fast Process Corner
  Data Path Delay:        4.472ns  (logic 1.482ns (33.148%)  route 2.990ns (66.852%))
  Logic Levels:           3  (IBUF=1 LUT2=1 OBUF=1)

    Location             Delay type                Incr(ns)  Path(ns)    Partition      PBlock               Netlist Resource(s)
  -------------------------------------------------------------------    -------------------------------------------------------
    V17                                               0.000     0.000 r  static                              b (IN)
                         net (fo=0)                   0.000     0.000    static                              b
    V17                  IBUF (Prop_ibuf_I_O)         0.221     0.221 r  static                              b_IBUF_inst/O
                         net (fo=6, routed)           2.052     2.273    boundary                            ha/b
    SLICE_X48Y47         LUT2 (Prop_lut2_I0_O)        0.045     2.318 r  reconfigurable pblock_ha            ha/s_INST_0/O
                         net (fo=1, routed)           0.937     3.256    boundary                            s0_OBUF
    P1                   OBUF (Prop_obuf_I_O)         1.216     4.472 r  static                              s0_OBUF_inst/O
                         net (fo=0)                   0.000     4.472    static                              s0
    P1                                                                r  static                              s0 (OUT)
  -------------------------------------------------------------------    -------------------------------------------------------

Slack:                    inf
  Source:                 a
                            (input port)
  Destination:            s2
                            (output port)
  Path Group:             (none)
  Path Type:              Min at Fast Process Corner
  Data Path Delay:        4.958ns  (logic 1.480ns (29.844%)  route 3.478ns (70.156%))
  Logic Levels:           3  (IBUF=1 LUT2=1 OBUF=1)

    Location             Delay type                Incr(ns)  Path(ns)    Partition      PBlock               Netlist Resource(s)
  -------------------------------------------------------------------    -------------------------------------------------------
    V16                                               0.000     0.000 r  static                              a (IN)
                         net (fo=0)                   0.000     0.000    static                              a
    V16                  IBUF (Prop_ibuf_I_O)         0.229     0.229 r  static                              a_IBUF_inst/O
                         net (fo=6, routed)           1.693     1.923    boundary                            comp/a
    SLICE_X36Y51         LUT2 (Prop_lut2_I1_O)        0.045     1.968 r  reconfigurable pblock_comp          comp/s_INST_0/O
                         net (fo=1, routed)           1.785     3.752    boundary                            s2_OBUF
    V13                  OBUF (Prop_obuf_I_O)         1.205     4.958 r  static                              s2_OBUF_inst/O
                         net (fo=0)                   0.000     4.958    static                              s2
    V13                                                               r  static                              s2 (OUT)
  -------------------------------------------------------------------    -------------------------------------------------------

Slack:                    inf
  Source:                 b
                            (input port)
  Destination:            c0
                            (output port)
  Path Group:             (none)
  Path Type:              Min at Fast Process Corner
  Data Path Delay:        5.068ns  (logic 1.488ns (29.369%)  route 3.579ns (70.631%))
  Logic Levels:           3  (IBUF=1 LUT2=1 OBUF=1)

    Location             Delay type                Incr(ns)  Path(ns)    Partition      PBlock               Netlist Resource(s)
  -------------------------------------------------------------------    -------------------------------------------------------
    V17                                               0.000     0.000 r  static                              b (IN)
                         net (fo=0)                   0.000     0.000    static                              b
    V17                  IBUF (Prop_ibuf_I_O)         0.221     0.221 r  static                              b_IBUF_inst/O
                         net (fo=6, routed)           1.991     2.212    boundary                            ha/b
    SLICE_X48Y48         LUT2 (Prop_lut2_I0_O)        0.045     2.257 r  reconfigurable pblock_ha            ha/c_INST_0/O
                         net (fo=1, routed)           1.589     3.845    boundary                            c0_OBUF
    L1                   OBUF (Prop_obuf_I_O)         1.222     5.068 r  static                              c0_OBUF_inst/O
                         net (fo=0)                   0.000     5.068    static                              c0
    L1                                                                r  static                              c0 (OUT)
  -------------------------------------------------------------------    -------------------------------------------------------

Slack:                    inf
  Source:                 a
                            (input port)
  Destination:            c1
                            (output port)
  Path Group:             (none)
  Path Type:              Min at Fast Process Corner
  Data Path Delay:        5.409ns  (logic 1.493ns (27.611%)  route 3.915ns (72.389%))
  Logic Levels:           3  (IBUF=1 LUT2=1 OBUF=1)

    Location             Delay type                Incr(ns)  Path(ns)    Partition      PBlock               Netlist Resource(s)
  -------------------------------------------------------------------    -------------------------------------------------------
    V16                                               0.000     0.000 r  static                              a (IN)
                         net (fo=0)                   0.000     0.000    static                              a
    V16                  IBUF (Prop_ibuf_I_O)         0.229     0.229 r  static                              a_IBUF_inst/O
                         net (fo=6, routed)           2.785     3.014    boundary                            hs/a
    SLICE_X54Y101        LUT2 (Prop_lut2_I0_O)        0.045     3.059 r  reconfigurable pblock_hs            hs/c_INST_0/O
                         net (fo=1, routed)           1.130     4.190    boundary                            c1_OBUF
    P3                   OBUF (Prop_obuf_I_O)         1.219     5.409 r  static                              c1_OBUF_inst/O
                         net (fo=0)                   0.000     5.409    static                              c1
    P3                                                                r  static                              c1 (OUT)
  -------------------------------------------------------------------    -------------------------------------------------------

Slack:                    inf
  Source:                 a
                            (input port)
  Destination:            s1
                            (output port)
  Path Group:             (none)
  Path Type:              Min at Fast Process Corner
  Data Path Delay:        6.136ns  (logic 1.479ns (24.108%)  route 4.657ns (75.892%))
  Logic Levels:           3  (IBUF=1 LUT2=1 OBUF=1)

    Location             Delay type                Incr(ns)  Path(ns)    Partition      PBlock               Netlist Resource(s)
  -------------------------------------------------------------------    -------------------------------------------------------
    V16                                               0.000     0.000 r  static                              a (IN)
                         net (fo=0)                   0.000     0.000    static                              a
    V16                  IBUF (Prop_ibuf_I_O)         0.229     0.229 r  static                              a_IBUF_inst/O
                         net (fo=6, routed)           2.783     3.012    boundary                            hs/a
    SLICE_X54Y101        LUT2 (Prop_lut2_I1_O)        0.045     3.057 r  reconfigurable pblock_hs            hs/s_INST_0/O
                         net (fo=1, routed)           1.874     4.931    boundary                            s1_OBUF
    U3                   OBUF (Prop_obuf_I_O)         1.205     6.136 r  static                              s1_OBUF_inst/O
                         net (fo=0)                   0.000     6.136    static                              s1
    U3                                                                r  static                              s1 (OUT)
  -------------------------------------------------------------------    -------------------------------------------------------





