
*** Running vivado
    with args -log mac.vds -m64 -product Vivado -mode batch -messageDb vivado.pb -notrace -source mac.tcl


****** Vivado v2023.1 (64-bit)
  **** SW Build 3865809 on Sun May  7 15:04:56 MDT 2023
  **** IP Build 3864474 on Sun May  7 20:36:21 MDT 2023
  **** SharedData Build 3865790 on Sun May 07 13:33:03 MDT 2023
    ** Copyright 1986-2022 Xilinx, Inc. All Rights Reserved.
    ** Copyright 2022-2023 Advanced Micro Devices, Inc. All Rights Reserved.

source mac.tcl -notrace
create_project: Time (s): cpu = 00:00:07 ; elapsed = 00:00:07 . Memory (MB): peak = 1330.293 ; gain = 0.023 ; free physical = 712 ; free virtual = 2101
Command: read_checkpoint -auto_incremental -incremental /home/kanish/System_Design_through_FPGA/Vivado/dsp_tcl_flow/dsp_tcl_flow.srcs/utils_1/imports/synth_1/mac.dcp
INFO: [Vivado 12-5825] Read reference checkpoint from /home/kanish/System_Design_through_FPGA/Vivado/dsp_tcl_flow/dsp_tcl_flow.srcs/utils_1/imports/synth_1/mac.dcp for incremental synthesis
INFO: [Vivado 12-7989] Please ensure there are no constraint changes
Command: synth_design -top mac -part xc7a35tcpg236-1
Starting synth_design
Attempting to get a license for feature 'Synthesis' and/or device 'xc7a35t'
INFO: [Common 17-349] Got license for feature 'Synthesis' and/or device 'xc7a35t'
INFO: [Device 21-403] Loading part xc7a35tcpg236-1
INFO: [Designutils 20-5440] No compile time benefit to using incremental synthesis; A full resynthesis will be run
INFO: [Designutils 20-4379] Flow is switching to default flow due to incremental criteria not met. If you would like to alter this behaviour and have the flow terminate instead, please set the following parameter config_implementation {autoIncr.Synth.RejectBehavior Terminate}
INFO: [Synth 8-7079] Multithreading enabled for synth_design using a maximum of 4 processes.
INFO: [Synth 8-7078] Launching helper process for spawning children vivado processes
INFO: [Synth 8-7075] Helper process launched with PID 39378
---------------------------------------------------------------------------------
Starting RTL Elaboration : Time (s): cpu = 00:00:03 ; elapsed = 00:00:03 . Memory (MB): peak = 2040.039 ; gain = 378.770 ; free physical = 151 ; free virtual = 1158
---------------------------------------------------------------------------------
INFO: [Synth 8-6157] synthesizing module 'mac' [/home/kanish/mac.v:35]
INFO: [Synth 8-6157] synthesizing module 'dsp_macro_0' [/home/kanish/System_Design_through_FPGA/Vivado/dsp_tcl_flow/dsp_tcl_flow.runs/synth_1/.Xil/Vivado-39345-kanish-G3-3500/realtime/dsp_macro_0_stub.v:6]
INFO: [Synth 8-6155] done synthesizing module 'dsp_macro_0' (0#1) [/home/kanish/System_Design_through_FPGA/Vivado/dsp_tcl_flow/dsp_tcl_flow.runs/synth_1/.Xil/Vivado-39345-kanish-G3-3500/realtime/dsp_macro_0_stub.v:6]
INFO: [Synth 8-6155] done synthesizing module 'mac' (0#1) [/home/kanish/mac.v:35]
---------------------------------------------------------------------------------
Finished RTL Elaboration : Time (s): cpu = 00:00:04 ; elapsed = 00:00:05 . Memory (MB): peak = 2105.008 ; gain = 443.738 ; free physical = 125 ; free virtual = 1072
---------------------------------------------------------------------------------
---------------------------------------------------------------------------------
Start Handling Custom Attributes
---------------------------------------------------------------------------------
---------------------------------------------------------------------------------
Finished Handling Custom Attributes : Time (s): cpu = 00:00:04 ; elapsed = 00:00:05 . Memory (MB): peak = 2119.852 ; gain = 458.582 ; free physical = 123 ; free virtual = 1069
---------------------------------------------------------------------------------
---------------------------------------------------------------------------------
Finished RTL Optimization Phase 1 : Time (s): cpu = 00:00:04 ; elapsed = 00:00:05 . Memory (MB): peak = 2119.852 ; gain = 458.582 ; free physical = 123 ; free virtual = 1069
---------------------------------------------------------------------------------
Netlist sorting complete. Time (s): cpu = 00:00:00 ; elapsed = 00:00:00 . Memory (MB): peak = 2119.852 ; gain = 0.000 ; free physical = 127 ; free virtual = 1069
INFO: [Project 1-570] Preparing netlist for logic optimization

Processing XDC Constraints
Initializing timing engine
Parsing XDC File [/home/kanish/System_Design_through_FPGA/Vivado/dsp_tcl_flow/dsp_tcl_flow.gen/sources_1/ip/dsp_macro_0/dsp_macro_0/dsp_macro_0_in_context.xdc] for cell 'dsp'
Finished Parsing XDC File [/home/kanish/System_Design_through_FPGA/Vivado/dsp_tcl_flow/dsp_tcl_flow.gen/sources_1/ip/dsp_macro_0/dsp_macro_0/dsp_macro_0_in_context.xdc] for cell 'dsp'
Parsing XDC File [/home/kanish/System_Design_through_FPGA/Vivado/dsp_tcl_flow/dsp_tcl_flow.srcs/constrs_1/new/constraints.xdc]
INFO: [Constraints 18-483] create_clock: no pin(s)/port(s)/net(s) specified as objects, only virtual clock 'clk' will be created. If you don't want this, please specify pin(s)/ports(s)/net(s) as objects to the command. [/home/kanish/System_Design_through_FPGA/Vivado/dsp_tcl_flow/dsp_tcl_flow.srcs/constrs_1/new/constraints.xdc:46]
WARNING: [Constraints 18-619] A clock with name 'clk' already exists, overwriting the previous clock with the same name. [/home/kanish/System_Design_through_FPGA/Vivado/dsp_tcl_flow/dsp_tcl_flow.srcs/constrs_1/new/constraints.xdc:47]
Finished Parsing XDC File [/home/kanish/System_Design_through_FPGA/Vivado/dsp_tcl_flow/dsp_tcl_flow.srcs/constrs_1/new/constraints.xdc]
INFO: [Project 1-236] Implementation specific constraints were found while reading constraint file [/home/kanish/System_Design_through_FPGA/Vivado/dsp_tcl_flow/dsp_tcl_flow.srcs/constrs_1/new/constraints.xdc]. These constraints will be ignored for synthesis but will be used in implementation. Impacted constraints are listed in the file [.Xil/mac_propImpl.xdc].
Resolution: To avoid this warning, move constraints listed in [.Xil/mac_propImpl.xdc] to another XDC file and exclude this new file from synthesis with the used_in_synthesis property (File Properties dialog in GUI) and re-run elaboration/synthesis.
Completed Processing XDC Constraints

Netlist sorting complete. Time (s): cpu = 00:00:00 ; elapsed = 00:00:00 . Memory (MB): peak = 2192.789 ; gain = 0.000 ; free physical = 137 ; free virtual = 1057
INFO: [Project 1-111] Unisim Transformation Summary:
No Unisim elements were transformed.

Constraint Validation Runtime : Time (s): cpu = 00:00:00 ; elapsed = 00:00:00 . Memory (MB): peak = 2192.789 ; gain = 0.000 ; free physical = 136 ; free virtual = 1056
INFO: [Designutils 20-5440] No compile time benefit to using incremental synthesis; A full resynthesis will be run
INFO: [Designutils 20-4379] Flow is switching to default flow due to incremental criteria not met. If you would like to alter this behaviour and have the flow terminate instead, please set the following parameter config_implementation {autoIncr.Synth.RejectBehavior Terminate}
---------------------------------------------------------------------------------
Finished Constraint Validation : Time (s): cpu = 00:00:09 ; elapsed = 00:00:10 . Memory (MB): peak = 2192.789 ; gain = 531.520 ; free physical = 150 ; free virtual = 1055
---------------------------------------------------------------------------------
---------------------------------------------------------------------------------
Start Loading Part and Timing Information
---------------------------------------------------------------------------------
Loading part: xc7a35tcpg236-1
---------------------------------------------------------------------------------
Finished Loading Part and Timing Information : Time (s): cpu = 00:00:09 ; elapsed = 00:00:10 . Memory (MB): peak = 2192.789 ; gain = 531.520 ; free physical = 149 ; free virtual = 1054
---------------------------------------------------------------------------------
---------------------------------------------------------------------------------
Start Applying 'set_property' XDC Constraints
---------------------------------------------------------------------------------
Applied set_property KEEP_HIERARCHY = SOFT for dsp. (constraint file  auto generated constraint).
---------------------------------------------------------------------------------
Finished applying 'set_property' XDC Constraints : Time (s): cpu = 00:00:09 ; elapsed = 00:00:10 . Memory (MB): peak = 2192.789 ; gain = 531.520 ; free physical = 149 ; free virtual = 1055
---------------------------------------------------------------------------------
---------------------------------------------------------------------------------
Finished RTL Optimization Phase 2 : Time (s): cpu = 00:00:09 ; elapsed = 00:00:10 . Memory (MB): peak = 2192.789 ; gain = 531.520 ; free physical = 148 ; free virtual = 1054
---------------------------------------------------------------------------------
---------------------------------------------------------------------------------
Start RTL Component Statistics 
---------------------------------------------------------------------------------
Detailed RTL Component Info : 
---------------------------------------------------------------------------------
Finished RTL Component Statistics 
---------------------------------------------------------------------------------
---------------------------------------------------------------------------------
Start Part Resource Summary
---------------------------------------------------------------------------------
Part Resources:
DSPs: 90 (col length:60)
BRAMs: 100 (col length: RAMB18 60 RAMB36 30)
---------------------------------------------------------------------------------
Finished Part Resource Summary
---------------------------------------------------------------------------------
---------------------------------------------------------------------------------
Start Cross Boundary and Area Optimization
---------------------------------------------------------------------------------
WARNING: [Synth 8-7080] Parallel synthesis criteria is not met
---------------------------------------------------------------------------------
Finished Cross Boundary and Area Optimization : Time (s): cpu = 00:00:10 ; elapsed = 00:00:11 . Memory (MB): peak = 2192.789 ; gain = 531.520 ; free physical = 143 ; free virtual = 1056
---------------------------------------------------------------------------------
---------------------------------------------------------------------------------
Start Applying XDC Timing Constraints
---------------------------------------------------------------------------------
WARNING: [Synth 8-565] redefining clock 'clk'
---------------------------------------------------------------------------------
Finished Applying XDC Timing Constraints : Time (s): cpu = 00:00:14 ; elapsed = 00:00:14 . Memory (MB): peak = 2192.789 ; gain = 531.520 ; free physical = 133 ; free virtual = 1046
---------------------------------------------------------------------------------
---------------------------------------------------------------------------------
Start Timing Optimization
---------------------------------------------------------------------------------
---------------------------------------------------------------------------------
Finished Timing Optimization : Time (s): cpu = 00:00:14 ; elapsed = 00:00:14 . Memory (MB): peak = 2192.789 ; gain = 531.520 ; free physical = 137 ; free virtual = 1049
---------------------------------------------------------------------------------
---------------------------------------------------------------------------------
Start Technology Mapping
---------------------------------------------------------------------------------
---------------------------------------------------------------------------------
Finished Technology Mapping : Time (s): cpu = 00:00:14 ; elapsed = 00:00:14 . Memory (MB): peak = 2192.789 ; gain = 531.520 ; free physical = 138 ; free virtual = 1053
---------------------------------------------------------------------------------
---------------------------------------------------------------------------------
Start IO Insertion
---------------------------------------------------------------------------------
---------------------------------------------------------------------------------
Start Flattening Before IO Insertion
---------------------------------------------------------------------------------
---------------------------------------------------------------------------------
Finished Flattening Before IO Insertion
---------------------------------------------------------------------------------
---------------------------------------------------------------------------------
Start Final Netlist Cleanup
---------------------------------------------------------------------------------
---------------------------------------------------------------------------------
Finished Final Netlist Cleanup
---------------------------------------------------------------------------------
---------------------------------------------------------------------------------
Finished IO Insertion : Time (s): cpu = 00:00:17 ; elapsed = 00:00:18 . Memory (MB): peak = 2192.789 ; gain = 531.520 ; free physical = 137 ; free virtual = 1037
---------------------------------------------------------------------------------
---------------------------------------------------------------------------------
Start Renaming Generated Instances
---------------------------------------------------------------------------------
---------------------------------------------------------------------------------
Finished Renaming Generated Instances : Time (s): cpu = 00:00:17 ; elapsed = 00:00:18 . Memory (MB): peak = 2192.789 ; gain = 531.520 ; free physical = 137 ; free virtual = 1037
---------------------------------------------------------------------------------
---------------------------------------------------------------------------------
Start Rebuilding User Hierarchy
---------------------------------------------------------------------------------
---------------------------------------------------------------------------------
Finished Rebuilding User Hierarchy : Time (s): cpu = 00:00:17 ; elapsed = 00:00:18 . Memory (MB): peak = 2192.789 ; gain = 531.520 ; free physical = 137 ; free virtual = 1037
---------------------------------------------------------------------------------
---------------------------------------------------------------------------------
Start Renaming Generated Ports
---------------------------------------------------------------------------------
---------------------------------------------------------------------------------
Finished Renaming Generated Ports : Time (s): cpu = 00:00:17 ; elapsed = 00:00:18 . Memory (MB): peak = 2192.789 ; gain = 531.520 ; free physical = 137 ; free virtual = 1037
---------------------------------------------------------------------------------
---------------------------------------------------------------------------------
Start Handling Custom Attributes
---------------------------------------------------------------------------------
---------------------------------------------------------------------------------
Finished Handling Custom Attributes : Time (s): cpu = 00:00:17 ; elapsed = 00:00:18 . Memory (MB): peak = 2192.789 ; gain = 531.520 ; free physical = 137 ; free virtual = 1037
---------------------------------------------------------------------------------
---------------------------------------------------------------------------------
Start Renaming Generated Nets
---------------------------------------------------------------------------------
---------------------------------------------------------------------------------
Finished Renaming Generated Nets : Time (s): cpu = 00:00:17 ; elapsed = 00:00:18 . Memory (MB): peak = 2192.789 ; gain = 531.520 ; free physical = 137 ; free virtual = 1037
---------------------------------------------------------------------------------
---------------------------------------------------------------------------------
Start Writing Synthesis Report
---------------------------------------------------------------------------------

Report BlackBoxes: 
+------+--------------+----------+
|      |BlackBox name |Instances |
+------+--------------+----------+
|1     |dsp_macro_0   |         1|
+------+--------------+----------+

Report Cell Usage: 
+------+----------+------+
|      |Cell      |Count |
+------+----------+------+
|1     |dsp_macro |     1|
|2     |IBUF      |    13|
|3     |OBUF      |     9|
+------+----------+------+
---------------------------------------------------------------------------------
Finished Writing Synthesis Report : Time (s): cpu = 00:00:17 ; elapsed = 00:00:18 . Memory (MB): peak = 2192.789 ; gain = 531.520 ; free physical = 137 ; free virtual = 1037
---------------------------------------------------------------------------------
Synthesis finished with 0 errors, 0 critical warnings and 2 warnings.
Synthesis Optimization Runtime : Time (s): cpu = 00:00:16 ; elapsed = 00:00:16 . Memory (MB): peak = 2192.789 ; gain = 458.582 ; free physical = 137 ; free virtual = 1037
Synthesis Optimization Complete : Time (s): cpu = 00:00:17 ; elapsed = 00:00:18 . Memory (MB): peak = 2192.789 ; gain = 531.520 ; free physical = 137 ; free virtual = 1037
INFO: [Project 1-571] Translating synthesized netlist
Netlist sorting complete. Time (s): cpu = 00:00:00 ; elapsed = 00:00:00 . Memory (MB): peak = 2192.789 ; gain = 0.000 ; free physical = 127 ; free virtual = 1037
INFO: [Project 1-570] Preparing netlist for logic optimization
INFO: [Opt 31-138] Pushed 0 inverter(s) to 0 load pin(s).
Netlist sorting complete. Time (s): cpu = 00:00:00 ; elapsed = 00:00:00 . Memory (MB): peak = 2192.789 ; gain = 0.000 ; free physical = 413 ; free virtual = 1311
INFO: [Project 1-111] Unisim Transformation Summary:
No Unisim elements were transformed.

Synth Design complete | Checksum: 73375d60
INFO: [Common 17-83] Releasing license: Synthesis
24 Infos, 3 Warnings, 0 Critical Warnings and 0 Errors encountered.
synth_design completed successfully
synth_design: Time (s): cpu = 00:00:22 ; elapsed = 00:00:21 . Memory (MB): peak = 2192.789 ; gain = 852.590 ; free physical = 411 ; free virtual = 1312
INFO: [Common 17-2834] synth_design peak Physical Memory [PSS] (MB): overall = 1754.076; main = 1388.925; forked = 365.151
INFO: [Common 17-2834] synth_design peak Virtual Memory [VSS] (MB): overall = 3164.227; main = 2160.777; forked = 1003.449
INFO: [Common 17-1381] The checkpoint '/home/kanish/System_Design_through_FPGA/Vivado/dsp_tcl_flow/dsp_tcl_flow.runs/synth_1/mac.dcp' has been generated.
INFO: [runtcl-4] Executing : report_utilization -file mac_utilization_synth.rpt -pb mac_utilization_synth.pb
INFO: [Common 17-206] Exiting Vivado at Sun Sep 10 14:54:54 2023...
