
*** Running vivado
    with args -log mac.vdi -applog -m64 -product Vivado -messageDb vivado.pb -mode batch -source mac.tcl -notrace


****** Vivado v2023.1 (64-bit)
  **** SW Build 3865809 on Sun May  7 15:04:56 MDT 2023
  **** IP Build 3864474 on Sun May  7 20:36:21 MDT 2023
  **** SharedData Build 3865790 on Sun May 07 13:33:03 MDT 2023
    ** Copyright 1986-2022 Xilinx, Inc. All Rights Reserved.
    ** Copyright 2022-2023 Advanced Micro Devices, Inc. All Rights Reserved.

source mac.tcl -notrace
create_project: Time (s): cpu = 00:00:07 ; elapsed = 00:00:07 . Memory (MB): peak = 1329.719 ; gain = 0.023 ; free physical = 1025 ; free virtual = 4575
Command: link_design -top mac -part xc7a35tcpg236-1
Design is defaulting to srcset: sources_1
Design is defaulting to constrset: constrs_1
INFO: [Device 21-403] Loading part xc7a35tcpg236-1
Netlist sorting complete. Time (s): cpu = 00:00:00 ; elapsed = 00:00:00 . Memory (MB): peak = 1645.820 ; gain = 0.000 ; free physical = 710 ; free virtual = 4283
INFO: [Netlist 29-17] Analyzing 4 Unisim elements for replacement
INFO: [Netlist 29-28] Unisim Transformation completed in 0 CPU seconds
INFO: [Project 1-479] Netlist was created with Vivado 2023.1
INFO: [Project 1-570] Preparing netlist for logic optimization
Parsing XDC File [/home/kanish/System_Design_through_FPGA/Vivado/mac_assign/mac_assign.srcs/constrs_1/new/constraints.xdc]
INFO: [Constraints 18-483] create_clock: no pin(s)/port(s)/net(s) specified as objects, only virtual clock 'clk' will be created. If you don't want this, please specify pin(s)/ports(s)/net(s) as objects to the command. [/home/kanish/System_Design_through_FPGA/Vivado/mac_assign/mac_assign.srcs/constrs_1/new/constraints.xdc:55]
WARNING: [Constraints 18-619] A clock with name 'clk' already exists, overwriting the previous clock with the same name. [/home/kanish/System_Design_through_FPGA/Vivado/mac_assign/mac_assign.srcs/constrs_1/new/constraints.xdc:56]
Finished Parsing XDC File [/home/kanish/System_Design_through_FPGA/Vivado/mac_assign/mac_assign.srcs/constrs_1/new/constraints.xdc]
INFO: [Opt 31-138] Pushed 0 inverter(s) to 0 load pin(s).
Netlist sorting complete. Time (s): cpu = 00:00:00 ; elapsed = 00:00:00 . Memory (MB): peak = 1750.289 ; gain = 0.000 ; free physical = 597 ; free virtual = 4171
INFO: [Project 1-111] Unisim Transformation Summary:
No Unisim elements were transformed.

8 Infos, 1 Warnings, 0 Critical Warnings and 0 Errors encountered.
link_design completed successfully
Command: opt_design
Attempting to get a license for feature 'Implementation' and/or device 'xc7a35t'
INFO: [Common 17-349] Got license for feature 'Implementation' and/or device 'xc7a35t'
Running DRC as a precondition to command opt_design

Starting DRC Task
INFO: [DRC 23-27] Running DRC with 8 threads
INFO: [Project 1-461] DRC finished with 0 Errors
INFO: [Project 1-462] Please refer to the DRC report (report_drc) for more information.

Time (s): cpu = 00:00:00.85 ; elapsed = 00:00:00.53 . Memory (MB): peak = 1837.102 ; gain = 83.844 ; free physical = 572 ; free virtual = 4147

Starting Cache Timing Information Task
INFO: [Constraints 18-483] create_clock: no pin(s)/port(s)/net(s) specified as objects, only virtual clock 'clk' will be created. If you don't want this, please specify pin(s)/ports(s)/net(s) as objects to the command. [/home/kanish/System_Design_through_FPGA/Vivado/mac_assign/mac_assign.srcs/constrs_1/new/constraints.xdc:55]
INFO: [Timing 38-35] Done setting XDC timing constraints.
Ending Cache Timing Information Task | Checksum: 2011b48ce

Time (s): cpu = 00:00:05 ; elapsed = 00:00:05 . Memory (MB): peak = 2309.922 ; gain = 472.820 ; free physical = 141 ; free virtual = 3731

Starting Logic Optimization Task

Phase 1 Retarget
INFO: [Opt 31-138] Pushed 0 inverter(s) to 0 load pin(s).
INFO: [Opt 31-49] Retargeted 0 cell(s).
Phase 1 Retarget | Checksum: 2011b48ce

Time (s): cpu = 00:00:00.01 ; elapsed = 00:00:00.03 . Memory (MB): peak = 2595.812 ; gain = 0.000 ; free physical = 149 ; free virtual = 3433
INFO: [Opt 31-389] Phase Retarget created 0 cells and removed 0 cells

Phase 2 Constant propagation
INFO: [Opt 31-138] Pushed 0 inverter(s) to 0 load pin(s).
Phase 2 Constant propagation | Checksum: 18c2c53a8

Time (s): cpu = 00:00:00.01 ; elapsed = 00:00:00.03 . Memory (MB): peak = 2595.812 ; gain = 0.000 ; free physical = 149 ; free virtual = 3433
INFO: [Opt 31-389] Phase Constant propagation created 0 cells and removed 0 cells

Phase 3 Sweep
Phase 3 Sweep | Checksum: 13fc6c114

Time (s): cpu = 00:00:00.01 ; elapsed = 00:00:00.03 . Memory (MB): peak = 2595.812 ; gain = 0.000 ; free physical = 149 ; free virtual = 3433
INFO: [Opt 31-389] Phase Sweep created 0 cells and removed 0 cells

Phase 4 BUFG optimization
Phase 4 BUFG optimization | Checksum: 13fc6c114

Time (s): cpu = 00:00:00.01 ; elapsed = 00:00:00.04 . Memory (MB): peak = 2627.828 ; gain = 32.016 ; free physical = 149 ; free virtual = 3433
INFO: [Opt 31-662] Phase BUFG optimization created 0 cells of which 0 are BUFGs and removed 0 cells.

Phase 5 Shift Register Optimization
INFO: [Opt 31-1064] SRL Remap converted 0 SRLs to 0 registers and converted 0 registers of register chains to 0 SRLs
Phase 5 Shift Register Optimization | Checksum: 1dd9f8e87

Time (s): cpu = 00:00:00.02 ; elapsed = 00:00:00.04 . Memory (MB): peak = 2627.828 ; gain = 32.016 ; free physical = 151 ; free virtual = 3434
INFO: [Opt 31-389] Phase Shift Register Optimization created 0 cells and removed 0 cells

Phase 6 Post Processing Netlist
Phase 6 Post Processing Netlist | Checksum: 1dd9f8e87

Time (s): cpu = 00:00:00.02 ; elapsed = 00:00:00.04 . Memory (MB): peak = 2627.828 ; gain = 32.016 ; free physical = 151 ; free virtual = 3434
INFO: [Opt 31-389] Phase Post Processing Netlist created 0 cells and removed 0 cells
Opt_design Change Summary
=========================


-------------------------------------------------------------------------------------------------------------------------
|  Phase                        |  #Cells created  |  #Cells Removed  |  #Constrained objects preventing optimizations  |
-------------------------------------------------------------------------------------------------------------------------
|  Retarget                     |               0  |               0  |                                              0  |
|  Constant propagation         |               0  |               0  |                                              0  |
|  Sweep                        |               0  |               0  |                                              0  |
|  BUFG optimization            |               0  |               0  |                                              0  |
|  Shift Register Optimization  |               0  |               0  |                                              0  |
|  Post Processing Netlist      |               0  |               0  |                                              0  |
-------------------------------------------------------------------------------------------------------------------------



Starting Connectivity Check Task

Time (s): cpu = 00:00:00 ; elapsed = 00:00:00 . Memory (MB): peak = 2627.828 ; gain = 0.000 ; free physical = 151 ; free virtual = 3434
Ending Logic Optimization Task | Checksum: 1dd9f8e87

Time (s): cpu = 00:00:00.02 ; elapsed = 00:00:00.04 . Memory (MB): peak = 2627.828 ; gain = 32.016 ; free physical = 151 ; free virtual = 3434

Starting Power Optimization Task
INFO: [Pwropt 34-132] Skipping clock gating for clocks with a period < 2.00 ns.
Ending Power Optimization Task | Checksum: 1dd9f8e87

Time (s): cpu = 00:00:00.01 ; elapsed = 00:00:00.02 . Memory (MB): peak = 2627.828 ; gain = 0.000 ; free physical = 159 ; free virtual = 3439

Starting Final Cleanup Task
Ending Final Cleanup Task | Checksum: 1dd9f8e87

Time (s): cpu = 00:00:00 ; elapsed = 00:00:00 . Memory (MB): peak = 2627.828 ; gain = 0.000 ; free physical = 159 ; free virtual = 3439

Starting Netlist Obfuscation Task
Netlist sorting complete. Time (s): cpu = 00:00:00 ; elapsed = 00:00:00 . Memory (MB): peak = 2627.828 ; gain = 0.000 ; free physical = 159 ; free virtual = 3439
Ending Netlist Obfuscation Task | Checksum: 1dd9f8e87

Time (s): cpu = 00:00:00 ; elapsed = 00:00:00 . Memory (MB): peak = 2627.828 ; gain = 0.000 ; free physical = 159 ; free virtual = 3439
INFO: [Common 17-83] Releasing license: Implementation
26 Infos, 1 Warnings, 0 Critical Warnings and 0 Errors encountered.
opt_design completed successfully
opt_design: Time (s): cpu = 00:00:07 ; elapsed = 00:00:07 . Memory (MB): peak = 2627.828 ; gain = 874.570 ; free physical = 159 ; free virtual = 3439
INFO: [runtcl-4] Executing : report_drc -file mac_drc_opted.rpt -pb mac_drc_opted.pb -rpx mac_drc_opted.rpx
Command: report_drc -file mac_drc_opted.rpt -pb mac_drc_opted.pb -rpx mac_drc_opted.rpx
INFO: [IP_Flow 19-234] Refreshing IP repositories
INFO: [IP_Flow 19-1704] No user IP repositories specified
INFO: [IP_Flow 19-2313] Loaded Vivado IP repository '/home/kanish/Xilinx/Vivado/2023.1/data/ip'.
INFO: [DRC 23-27] Running DRC with 8 threads
INFO: [Vivado_Tcl 2-168] The results of DRC are in file /home/kanish/System_Design_through_FPGA/Vivado/mac_assign/mac_assign.runs/impl_1/mac_drc_opted.rpt.
report_drc completed successfully
INFO: [Timing 38-480] Writing timing data to binary archive.
Writing XDEF routing.
Writing XDEF routing logical nets.
Writing XDEF routing special nets.
Write XDEF Complete: Time (s): cpu = 00:00:00.04 ; elapsed = 00:00:00.01 . Memory (MB): peak = 2707.867 ; gain = 0.000 ; free physical = 153 ; free virtual = 3438
INFO: [Common 17-1381] The checkpoint '/home/kanish/System_Design_through_FPGA/Vivado/mac_assign/mac_assign.runs/impl_1/mac_opt.dcp' has been generated.
Command: place_design
Attempting to get a license for feature 'Implementation' and/or device 'xc7a35t'
INFO: [Common 17-349] Got license for feature 'Implementation' and/or device 'xc7a35t'
INFO: [DRC 23-27] Running DRC with 8 threads
INFO: [Vivado_Tcl 4-198] DRC finished with 0 Errors
INFO: [Vivado_Tcl 4-199] Please refer to the DRC report (report_drc) for more information.
Running DRC as a precondition to command place_design
INFO: [DRC 23-27] Running DRC with 8 threads
INFO: [Vivado_Tcl 4-198] DRC finished with 0 Errors
INFO: [Vivado_Tcl 4-199] Please refer to the DRC report (report_drc) for more information.

Starting Placer Task
INFO: [Place 30-611] Multithreading enabled for place_design using a maximum of 8 CPUs

Phase 1 Placer Initialization

Phase 1.1 Placer Initialization Netlist Sorting
Netlist sorting complete. Time (s): cpu = 00:00:00 ; elapsed = 00:00:00 . Memory (MB): peak = 2723.875 ; gain = 0.000 ; free physical = 150 ; free virtual = 3436
Phase 1.1 Placer Initialization Netlist Sorting | Checksum: f4773963

Time (s): cpu = 00:00:00.01 ; elapsed = 00:00:00 . Memory (MB): peak = 2723.875 ; gain = 0.000 ; free physical = 150 ; free virtual = 3436
Netlist sorting complete. Time (s): cpu = 00:00:00 ; elapsed = 00:00:00 . Memory (MB): peak = 2723.875 ; gain = 0.000 ; free physical = 150 ; free virtual = 3436

Phase 1.2 IO Placement/ Clock Placement/ Build Placer Device
INFO: [Constraints 18-483] create_clock: no pin(s)/port(s)/net(s) specified as objects, only virtual clock 'clk' will be created. If you don't want this, please specify pin(s)/ports(s)/net(s) as objects to the command. [/home/kanish/System_Design_through_FPGA/Vivado/mac_assign/mac_assign.srcs/constrs_1/new/constraints.xdc:55]
INFO: [Timing 38-35] Done setting XDC timing constraints.
Phase 1.2 IO Placement/ Clock Placement/ Build Placer Device | Checksum: b3d5bf92

Time (s): cpu = 00:00:00.47 ; elapsed = 00:00:00.15 . Memory (MB): peak = 2723.875 ; gain = 0.000 ; free physical = 136 ; free virtual = 3426

Phase 1.3 Build Placer Netlist Model
Phase 1.3 Build Placer Netlist Model | Checksum: 16d884db7

Time (s): cpu = 00:00:00.72 ; elapsed = 00:00:00.19 . Memory (MB): peak = 2723.875 ; gain = 0.000 ; free physical = 133 ; free virtual = 3425

Phase 1.4 Constrain Clocks/Macros
Phase 1.4 Constrain Clocks/Macros | Checksum: 16d884db7

Time (s): cpu = 00:00:00.73 ; elapsed = 00:00:00.2 . Memory (MB): peak = 2723.875 ; gain = 0.000 ; free physical = 133 ; free virtual = 3425
Phase 1 Placer Initialization | Checksum: 16d884db7

Time (s): cpu = 00:00:00.73 ; elapsed = 00:00:00.2 . Memory (MB): peak = 2723.875 ; gain = 0.000 ; free physical = 133 ; free virtual = 3425

Phase 2 Global Placement

Phase 2.1 Floorplanning
Phase 2.1 Floorplanning | Checksum: ccb1dc9c

Time (s): cpu = 00:00:00.8 ; elapsed = 00:00:00.21 . Memory (MB): peak = 2723.875 ; gain = 0.000 ; free physical = 130 ; free virtual = 3423

Phase 2.2 Update Timing before SLR Path Opt
Phase 2.2 Update Timing before SLR Path Opt | Checksum: c84035b8

Time (s): cpu = 00:00:00.84 ; elapsed = 00:00:00.22 . Memory (MB): peak = 2723.875 ; gain = 0.000 ; free physical = 130 ; free virtual = 3423

Phase 2.3 Post-Processing in Floorplanning
Phase 2.3 Post-Processing in Floorplanning | Checksum: c84035b8

Time (s): cpu = 00:00:00.84 ; elapsed = 00:00:00.22 . Memory (MB): peak = 2723.875 ; gain = 0.000 ; free physical = 130 ; free virtual = 3423

Phase 2.4 Global Placement Core

Phase 2.4.1 UpdateTiming Before Physical Synthesis
Phase 2.4.1 UpdateTiming Before Physical Synthesis | Checksum: 13008d6ed

Time (s): cpu = 00:00:02 ; elapsed = 00:00:00.38 . Memory (MB): peak = 2731.879 ; gain = 8.004 ; free physical = 144 ; free virtual = 3420

Phase 2.4.2 Physical Synthesis In Placer
INFO: [Physopt 32-1035] Found 0 LUTNM shape to break, 2 LUT instances to create LUTNM shape
INFO: [Physopt 32-1044] Break lutnm for timing: one critical 0, two critical 0, total 0, new lutff created 0
INFO: [Physopt 32-1138] End 1 Pass. Optimized 1 net or LUT. Breaked 0 LUT, combined 1 existing LUT and moved 0 existing LUT
INFO: [Physopt 32-65] No nets found for high-fanout optimization.
INFO: [Physopt 32-232] Optimized 0 net. Created 0 new instance.
INFO: [Physopt 32-775] End 1 Pass. Optimized 0 net or cell. Created 0 new cell, deleted 0 existing cell and moved 0 existing cell
INFO: [Physopt 32-456] No candidate cells for DSP register optimization found in the design.
INFO: [Physopt 32-775] End 2 Pass. Optimized 0 net or cell. Created 0 new cell, deleted 0 existing cell and moved 0 existing cell
INFO: [Physopt 32-1123] No candidate cells found for Shift Register to Pipeline optimization
INFO: [Physopt 32-775] End 2 Pass. Optimized 0 net or cell. Created 0 new cell, deleted 0 existing cell and moved 0 existing cell
INFO: [Physopt 32-677] No candidate cells for Shift Register optimization found in the design
INFO: [Physopt 32-775] End 1 Pass. Optimized 0 net or cell. Created 0 new cell, deleted 0 existing cell and moved 0 existing cell
INFO: [Physopt 32-526] No candidate cells for BRAM register optimization found in the design
INFO: [Physopt 32-775] End 1 Pass. Optimized 0 net or cell. Created 0 new cell, deleted 0 existing cell and moved 0 existing cell
INFO: [Physopt 32-846] No candidate cells for URAM register optimization found in the design
INFO: [Physopt 32-775] End 1 Pass. Optimized 0 net or cell. Created 0 new cell, deleted 0 existing cell and moved 0 existing cell
INFO: [Physopt 32-846] No candidate cells for URAM register optimization found in the design
INFO: [Physopt 32-775] End 1 Pass. Optimized 0 net or cell. Created 0 new cell, deleted 0 existing cell and moved 0 existing cell
INFO: [Physopt 32-949] No candidate nets found for dynamic/static region interface net replication
INFO: [Physopt 32-775] End 1 Pass. Optimized 0 net or cell. Created 0 new cell, deleted 0 existing cell and moved 0 existing cell
Netlist sorting complete. Time (s): cpu = 00:00:00 ; elapsed = 00:00:00 . Memory (MB): peak = 2731.879 ; gain = 0.000 ; free physical = 142 ; free virtual = 3420

Summary of Physical Synthesis Optimizations
============================================


-----------------------------------------------------------------------------------------------------------------------------------------------------------
|  Optimization                                     |  Added Cells  |  Removed Cells  |  Optimized Cells/Nets  |  Dont Touch  |  Iterations  |  Elapsed   |
-----------------------------------------------------------------------------------------------------------------------------------------------------------
|  LUT Combining                                    |            0  |              1  |                     1  |           0  |           1  |  00:00:00  |
|  Retime                                           |            0  |              0  |                     0  |           0  |           1  |  00:00:00  |
|  Very High Fanout                                 |            0  |              0  |                     0  |           0  |           1  |  00:00:00  |
|  DSP Register                                     |            0  |              0  |                     0  |           0  |           1  |  00:00:00  |
|  Shift Register to Pipeline                       |            0  |              0  |                     0  |           0  |           1  |  00:00:00  |
|  Shift Register                                   |            0  |              0  |                     0  |           0  |           1  |  00:00:00  |
|  BRAM Register                                    |            0  |              0  |                     0  |           0  |           1  |  00:00:00  |
|  URAM Register                                    |            0  |              0  |                     0  |           0  |           1  |  00:00:00  |
|  Dynamic/Static Region Interface Net Replication  |            0  |              0  |                     0  |           0  |           1  |  00:00:00  |
|  Total                                            |            0  |              1  |                     1  |           0  |           9  |  00:00:00  |
-----------------------------------------------------------------------------------------------------------------------------------------------------------


Phase 2.4.2 Physical Synthesis In Placer | Checksum: c57f6621

Time (s): cpu = 00:00:02 ; elapsed = 00:00:00.64 . Memory (MB): peak = 2731.879 ; gain = 8.004 ; free physical = 141 ; free virtual = 3420
Phase 2.4 Global Placement Core | Checksum: 15a38b89d

Time (s): cpu = 00:00:02 ; elapsed = 00:00:00.68 . Memory (MB): peak = 2731.879 ; gain = 8.004 ; free physical = 141 ; free virtual = 3420
Phase 2 Global Placement | Checksum: 15a38b89d

Time (s): cpu = 00:00:02 ; elapsed = 00:00:00.68 . Memory (MB): peak = 2731.879 ; gain = 8.004 ; free physical = 141 ; free virtual = 3420

Phase 3 Detail Placement

Phase 3.1 Commit Multi Column Macros
Phase 3.1 Commit Multi Column Macros | Checksum: d9c949eb

Time (s): cpu = 00:00:02 ; elapsed = 00:00:00.69 . Memory (MB): peak = 2731.879 ; gain = 8.004 ; free physical = 141 ; free virtual = 3420

Phase 3.2 Commit Most Macros & LUTRAMs
Phase 3.2 Commit Most Macros & LUTRAMs | Checksum: 1b37711c5

Time (s): cpu = 00:00:03 ; elapsed = 00:00:00.71 . Memory (MB): peak = 2731.879 ; gain = 8.004 ; free physical = 141 ; free virtual = 3420

Phase 3.3 Area Swap Optimization
Phase 3.3 Area Swap Optimization | Checksum: 1693c2a78

Time (s): cpu = 00:00:03 ; elapsed = 00:00:00.72 . Memory (MB): peak = 2731.879 ; gain = 8.004 ; free physical = 141 ; free virtual = 3420

Phase 3.4 Pipeline Register Optimization
Phase 3.4 Pipeline Register Optimization | Checksum: 1693c2a78

Time (s): cpu = 00:00:03 ; elapsed = 00:00:00.72 . Memory (MB): peak = 2731.879 ; gain = 8.004 ; free physical = 141 ; free virtual = 3420

Phase 3.5 Fast Optimization
Phase 3.5 Fast Optimization | Checksum: 1130728df

Time (s): cpu = 00:00:03 ; elapsed = 00:00:00.74 . Memory (MB): peak = 2731.879 ; gain = 8.004 ; free physical = 141 ; free virtual = 3420

Phase 3.6 Small Shape Detail Placement
Phase 3.6 Small Shape Detail Placement | Checksum: 19cfb1a9b

Time (s): cpu = 00:00:03 ; elapsed = 00:00:00.81 . Memory (MB): peak = 2731.879 ; gain = 8.004 ; free physical = 137 ; free virtual = 3417

Phase 3.7 Re-assign LUT pins
Phase 3.7 Re-assign LUT pins | Checksum: 195a06553

Time (s): cpu = 00:00:03 ; elapsed = 00:00:00.81 . Memory (MB): peak = 2731.879 ; gain = 8.004 ; free physical = 137 ; free virtual = 3417

Phase 3.8 Pipeline Register Optimization
Phase 3.8 Pipeline Register Optimization | Checksum: 195a06553

Time (s): cpu = 00:00:03 ; elapsed = 00:00:00.81 . Memory (MB): peak = 2731.879 ; gain = 8.004 ; free physical = 137 ; free virtual = 3417

Phase 3.9 Fast Optimization
Phase 3.9 Fast Optimization | Checksum: 180269953

Time (s): cpu = 00:00:03 ; elapsed = 00:00:00.83 . Memory (MB): peak = 2731.879 ; gain = 8.004 ; free physical = 137 ; free virtual = 3417
Phase 3 Detail Placement | Checksum: 180269953

Time (s): cpu = 00:00:03 ; elapsed = 00:00:00.83 . Memory (MB): peak = 2731.879 ; gain = 8.004 ; free physical = 137 ; free virtual = 3417

Phase 4 Post Placement Optimization and Clean-Up

Phase 4.1 Post Commit Optimization
INFO: [Constraints 18-483] create_clock: no pin(s)/port(s)/net(s) specified as objects, only virtual clock 'clk' will be created. If you don't want this, please specify pin(s)/ports(s)/net(s) as objects to the command. [/home/kanish/System_Design_through_FPGA/Vivado/mac_assign/mac_assign.srcs/constrs_1/new/constraints.xdc:55]
INFO: [Timing 38-35] Done setting XDC timing constraints.

Phase 4.1.1 Post Placement Optimization
Post Placement Optimization Initialization | Checksum: 1ed48dee0

Phase 4.1.1.1 BUFG Insertion

Starting Physical Synthesis Task

Phase 1 Physical Synthesis Initialization
INFO: [Physopt 32-721] Multithreading enabled for phys_opt_design using a maximum of 8 CPUs
INFO: [Physopt 32-619] Estimated Timing Summary | WNS=-1.324 | TNS=-5.753 |
Phase 1 Physical Synthesis Initialization | Checksum: 2471be2a6

Time (s): cpu = 00:00:00.06 ; elapsed = 00:00:00.01 . Memory (MB): peak = 2731.879 ; gain = 0.000 ; free physical = 137 ; free virtual = 3417
INFO: [Place 46-56] BUFG insertion identified 0 candidate nets. Inserted BUFG: 0, Replicated BUFG Driver: 0, Skipped due to Placement/Routing Conflicts: 0, Skipped due to Timing Degradation: 0, Skipped due to netlist editing failed: 0.
Ending Physical Synthesis Task | Checksum: 2471be2a6

Time (s): cpu = 00:00:00.07 ; elapsed = 00:00:00.01 . Memory (MB): peak = 2731.879 ; gain = 0.000 ; free physical = 137 ; free virtual = 3417
Phase 4.1.1.1 BUFG Insertion | Checksum: 1ed48dee0

Time (s): cpu = 00:00:03 ; elapsed = 00:00:00.89 . Memory (MB): peak = 2731.879 ; gain = 8.004 ; free physical = 137 ; free virtual = 3417

Phase 4.1.1.2 Post Placement Timing Optimization
INFO: [Place 30-746] Post Placement Timing Summary WNS=0.039. For the most accurate timing information please run report_timing.
Phase 4.1.1.2 Post Placement Timing Optimization | Checksum: 17e0c07aa

Time (s): cpu = 00:00:06 ; elapsed = 00:00:04 . Memory (MB): peak = 2731.879 ; gain = 8.004 ; free physical = 129 ; free virtual = 3408

Time (s): cpu = 00:00:06 ; elapsed = 00:00:04 . Memory (MB): peak = 2731.879 ; gain = 8.004 ; free physical = 129 ; free virtual = 3408
Phase 4.1 Post Commit Optimization | Checksum: 17e0c07aa

Time (s): cpu = 00:00:06 ; elapsed = 00:00:04 . Memory (MB): peak = 2731.879 ; gain = 8.004 ; free physical = 129 ; free virtual = 3408

Phase 4.2 Post Placement Cleanup
Phase 4.2 Post Placement Cleanup | Checksum: 17e0c07aa

Time (s): cpu = 00:00:06 ; elapsed = 00:00:04 . Memory (MB): peak = 2731.879 ; gain = 8.004 ; free physical = 129 ; free virtual = 3408

Phase 4.3 Placer Reporting

Phase 4.3.1 Print Estimated Congestion
INFO: [Place 30-612] Post-Placement Estimated Congestion 
 ____________________________________________________
|           | Global Congestion | Short Congestion  |
| Direction | Region Size       | Region Size       |
|___________|___________________|___________________|
|      North|                1x1|                1x1|
|___________|___________________|___________________|
|      South|                1x1|                1x1|
|___________|___________________|___________________|
|       East|                1x1|                1x1|
|___________|___________________|___________________|
|       West|                1x1|                1x1|
|___________|___________________|___________________|

Phase 4.3.1 Print Estimated Congestion | Checksum: 17e0c07aa

Time (s): cpu = 00:00:06 ; elapsed = 00:00:04 . Memory (MB): peak = 2731.879 ; gain = 8.004 ; free physical = 129 ; free virtual = 3408
Phase 4.3 Placer Reporting | Checksum: 17e0c07aa

Time (s): cpu = 00:00:06 ; elapsed = 00:00:04 . Memory (MB): peak = 2731.879 ; gain = 8.004 ; free physical = 129 ; free virtual = 3408

Phase 4.4 Final Placement Cleanup
Netlist sorting complete. Time (s): cpu = 00:00:00 ; elapsed = 00:00:00 . Memory (MB): peak = 2731.879 ; gain = 0.000 ; free physical = 129 ; free virtual = 3408

Time (s): cpu = 00:00:06 ; elapsed = 00:00:04 . Memory (MB): peak = 2731.879 ; gain = 8.004 ; free physical = 129 ; free virtual = 3408
Phase 4 Post Placement Optimization and Clean-Up | Checksum: d7b70221

Time (s): cpu = 00:00:06 ; elapsed = 00:00:04 . Memory (MB): peak = 2731.879 ; gain = 8.004 ; free physical = 129 ; free virtual = 3408
Ending Placer Task | Checksum: 53642635

Time (s): cpu = 00:00:06 ; elapsed = 00:00:04 . Memory (MB): peak = 2731.879 ; gain = 8.004 ; free physical = 129 ; free virtual = 3408
INFO: [Common 17-83] Releasing license: Implementation
72 Infos, 1 Warnings, 0 Critical Warnings and 0 Errors encountered.
place_design completed successfully
INFO: [runtcl-4] Executing : report_io -file mac_io_placed.rpt
report_io: Time (s): cpu = 00:00:00.11 ; elapsed = 00:00:00.12 . Memory (MB): peak = 2731.879 ; gain = 0.000 ; free physical = 153 ; free virtual = 3412
INFO: [runtcl-4] Executing : report_utilization -file mac_utilization_placed.rpt -pb mac_utilization_placed.pb
INFO: [runtcl-4] Executing : report_control_sets -verbose -file mac_control_sets_placed.rpt
report_control_sets: Time (s): cpu = 00:00:00.03 ; elapsed = 00:00:00.08 . Memory (MB): peak = 2731.879 ; gain = 0.000 ; free physical = 145 ; free virtual = 3405
INFO: [Timing 38-480] Writing timing data to binary archive.
Writing XDEF routing.
Writing XDEF routing logical nets.
Writing XDEF routing special nets.
Write XDEF Complete: Time (s): cpu = 00:00:00.04 ; elapsed = 00:00:00.01 . Memory (MB): peak = 2731.879 ; gain = 0.000 ; free physical = 159 ; free virtual = 3419
INFO: [Common 17-1381] The checkpoint '/home/kanish/System_Design_through_FPGA/Vivado/mac_assign/mac_assign.runs/impl_1/mac_placed.dcp' has been generated.
Command: phys_opt_design
Attempting to get a license for feature 'Implementation' and/or device 'xc7a35t'
INFO: [Common 17-349] Got license for feature 'Implementation' and/or device 'xc7a35t'

Starting Initial Update Timing Task

Time (s): cpu = 00:00:00.01 ; elapsed = 00:00:00.01 . Memory (MB): peak = 2731.879 ; gain = 0.000 ; free physical = 151 ; free virtual = 3411
INFO: [Vivado_Tcl 4-383] Design worst setup slack (WNS) is greater than or equal to 0.000 ns. Skipping all physical synthesis optimizations.
INFO: [Vivado_Tcl 4-232] No setup violation found. The netlist was not modified.
INFO: [Common 17-83] Releasing license: Implementation
81 Infos, 1 Warnings, 0 Critical Warnings and 0 Errors encountered.
phys_opt_design completed successfully
INFO: [Timing 38-480] Writing timing data to binary archive.
Writing XDEF routing.
Writing XDEF routing logical nets.
Writing XDEF routing special nets.
Write XDEF Complete: Time (s): cpu = 00:00:00.04 ; elapsed = 00:00:00.02 . Memory (MB): peak = 2731.879 ; gain = 0.000 ; free physical = 148 ; free virtual = 3409
INFO: [Common 17-1381] The checkpoint '/home/kanish/System_Design_through_FPGA/Vivado/mac_assign/mac_assign.runs/impl_1/mac_physopt.dcp' has been generated.
Command: route_design
Attempting to get a license for feature 'Implementation' and/or device 'xc7a35t'
INFO: [Common 17-349] Got license for feature 'Implementation' and/or device 'xc7a35t'
Running DRC as a precondition to command route_design
INFO: [DRC 23-27] Running DRC with 8 threads
INFO: [Vivado_Tcl 4-198] DRC finished with 0 Errors
INFO: [Vivado_Tcl 4-199] Please refer to the DRC report (report_drc) for more information.


Starting Routing Task
INFO: [Route 35-254] Multithreading enabled for route_design using a maximum of 8 CPUs

Phase 1 Build RT Design
Checksum: PlaceDB: 39e8f4f1 ConstDB: 0 ShapeSum: 197b3144 RouteDB: 0
Post Restoration Checksum: NetGraph: a84c06b7 | NumContArr: 34ba796 | Constraints: 190a55ad | Timing: 0
Phase 1 Build RT Design | Checksum: c4a203fa

Time (s): cpu = 00:00:14 ; elapsed = 00:00:12 . Memory (MB): peak = 2826.484 ; gain = 56.980 ; free physical = 140 ; free virtual = 3279

Phase 2 Router Initialization

Phase 2.1 Fix Topology Constraints
Phase 2.1 Fix Topology Constraints | Checksum: c4a203fa

Time (s): cpu = 00:00:14 ; elapsed = 00:00:12 . Memory (MB): peak = 2826.484 ; gain = 56.980 ; free physical = 152 ; free virtual = 3279

Phase 2.2 Pre Route Cleanup
Phase 2.2 Pre Route Cleanup | Checksum: c4a203fa

Time (s): cpu = 00:00:14 ; elapsed = 00:00:12 . Memory (MB): peak = 2826.484 ; gain = 56.980 ; free physical = 160 ; free virtual = 3280
 Number of Nodes with overlaps = 0

Phase 2.3 Update Timing
Phase 2.3 Update Timing | Checksum: f1816799

Time (s): cpu = 00:00:14 ; elapsed = 00:00:12 . Memory (MB): peak = 2834.484 ; gain = 64.980 ; free physical = 158 ; free virtual = 3272
INFO: [Route 35-416] Intermediate Timing Summary | WNS=0.041  | TNS=0.000  | WHS=-0.953 | THS=-5.706 |


Router Utilization Summary
  Global Vertical Routing Utilization    = 0 %
  Global Horizontal Routing Utilization  = 0 %
  Routable Net Status*
  *Does not include unroutable nets such as driverless and loadless.
  Run report_route_status for detailed report.
  Number of Failed Nets               = 48
    (Failed Nets is the sum of unrouted and partially routed nets)
  Number of Unrouted Nets             = 48
  Number of Partially Routed Nets     = 0
  Number of Node Overlaps             = 0

Phase 2 Router Initialization | Checksum: 138c5538b

Time (s): cpu = 00:00:14 ; elapsed = 00:00:12 . Memory (MB): peak = 2837.484 ; gain = 67.980 ; free physical = 155 ; free virtual = 3269

Phase 3 Initial Routing

Phase 3.1 Global Routing
Phase 3.1 Global Routing | Checksum: 138c5538b

Time (s): cpu = 00:00:14 ; elapsed = 00:00:12 . Memory (MB): peak = 2837.484 ; gain = 67.980 ; free physical = 155 ; free virtual = 3269
Phase 3 Initial Routing | Checksum: 194c8ce13

Time (s): cpu = 00:00:15 ; elapsed = 00:00:12 . Memory (MB): peak = 2837.484 ; gain = 67.980 ; free physical = 155 ; free virtual = 3269

Phase 4 Rip-up And Reroute

Phase 4.1 Global Iteration 0
 Number of Nodes with overlaps = 2
 Number of Nodes with overlaps = 0
INFO: [Route 35-416] Intermediate Timing Summary | WNS=0.041  | TNS=0.000  | WHS=N/A    | THS=N/A    |

Phase 4.1 Global Iteration 0 | Checksum: bcc0e642

Time (s): cpu = 00:00:15 ; elapsed = 00:00:12 . Memory (MB): peak = 2837.484 ; gain = 67.980 ; free physical = 155 ; free virtual = 3269
Phase 4 Rip-up And Reroute | Checksum: bcc0e642

Time (s): cpu = 00:00:15 ; elapsed = 00:00:12 . Memory (MB): peak = 2837.484 ; gain = 67.980 ; free physical = 155 ; free virtual = 3269

Phase 5 Delay and Skew Optimization

Phase 5.1 Delay CleanUp

Phase 5.1.1 Update Timing
Phase 5.1.1 Update Timing | Checksum: bcc0e642

Time (s): cpu = 00:00:15 ; elapsed = 00:00:12 . Memory (MB): peak = 2837.484 ; gain = 67.980 ; free physical = 155 ; free virtual = 3269
INFO: [Route 35-416] Intermediate Timing Summary | WNS=0.041  | TNS=0.000  | WHS=N/A    | THS=N/A    |

Phase 5.1 Delay CleanUp | Checksum: bcc0e642

Time (s): cpu = 00:00:15 ; elapsed = 00:00:12 . Memory (MB): peak = 2837.484 ; gain = 67.980 ; free physical = 155 ; free virtual = 3269

Phase 5.2 Clock Skew Optimization
Phase 5.2 Clock Skew Optimization | Checksum: bcc0e642

Time (s): cpu = 00:00:15 ; elapsed = 00:00:12 . Memory (MB): peak = 2837.484 ; gain = 67.980 ; free physical = 155 ; free virtual = 3269
Phase 5 Delay and Skew Optimization | Checksum: bcc0e642

Time (s): cpu = 00:00:15 ; elapsed = 00:00:12 . Memory (MB): peak = 2837.484 ; gain = 67.980 ; free physical = 155 ; free virtual = 3269

Phase 6 Post Hold Fix

Phase 6.1 Hold Fix Iter

Phase 6.1.1 Update Timing
Phase 6.1.1 Update Timing | Checksum: 148115857

Time (s): cpu = 00:00:15 ; elapsed = 00:00:12 . Memory (MB): peak = 2837.484 ; gain = 67.980 ; free physical = 155 ; free virtual = 3269
INFO: [Route 35-416] Intermediate Timing Summary | WNS=0.041  | TNS=0.000  | WHS=0.419  | THS=0.000  |

Phase 6.1 Hold Fix Iter | Checksum: 148115857

Time (s): cpu = 00:00:15 ; elapsed = 00:00:12 . Memory (MB): peak = 2837.484 ; gain = 67.980 ; free physical = 155 ; free virtual = 3269
Phase 6 Post Hold Fix | Checksum: 148115857

Time (s): cpu = 00:00:15 ; elapsed = 00:00:12 . Memory (MB): peak = 2837.484 ; gain = 67.980 ; free physical = 155 ; free virtual = 3269

Phase 7 Route finalize

Router Utilization Summary
  Global Vertical Routing Utilization    = 0.0526987 %
  Global Horizontal Routing Utilization  = 0.0575221 %
  Routable Net Status*
  *Does not include unroutable nets such as driverless and loadless.
  Run report_route_status for detailed report.
  Number of Failed Nets               = 0
    (Failed Nets is the sum of unrouted and partially routed nets)
  Number of Unrouted Nets             = 0
  Number of Partially Routed Nets     = 0
  Number of Node Overlaps             = 0

Phase 7 Route finalize | Checksum: ea8e48cc

Time (s): cpu = 00:00:15 ; elapsed = 00:00:12 . Memory (MB): peak = 2837.484 ; gain = 67.980 ; free physical = 155 ; free virtual = 3269

Phase 8 Verifying routed nets

 Verification completed successfully
Phase 8 Verifying routed nets | Checksum: ea8e48cc

Time (s): cpu = 00:00:15 ; elapsed = 00:00:12 . Memory (MB): peak = 2837.484 ; gain = 67.980 ; free physical = 154 ; free virtual = 3268

Phase 9 Depositing Routes
Phase 9 Depositing Routes | Checksum: eccc0889

Time (s): cpu = 00:00:15 ; elapsed = 00:00:12 . Memory (MB): peak = 2837.484 ; gain = 67.980 ; free physical = 154 ; free virtual = 3268

Phase 10 Post Router Timing
INFO: [Route 35-57] Estimated Timing Summary | WNS=0.041  | TNS=0.000  | WHS=0.419  | THS=0.000  |

INFO: [Route 35-327] The final timing numbers are based on the router estimated timing analysis. For a complete and accurate timing signoff, please run report_timing_summary.
Phase 10 Post Router Timing | Checksum: eccc0889

Time (s): cpu = 00:00:15 ; elapsed = 00:00:12 . Memory (MB): peak = 2837.484 ; gain = 67.980 ; free physical = 154 ; free virtual = 3268
INFO: [Route 35-16] Router Completed Successfully

Phase 11 Post-Route Event Processing
Phase 11 Post-Route Event Processing | Checksum: c75e8565

Time (s): cpu = 00:00:15 ; elapsed = 00:00:12 . Memory (MB): peak = 2837.484 ; gain = 67.980 ; free physical = 154 ; free virtual = 3268

Time (s): cpu = 00:00:15 ; elapsed = 00:00:12 . Memory (MB): peak = 2837.484 ; gain = 67.980 ; free physical = 154 ; free virtual = 3268

Routing Is Done.
INFO: [Common 17-83] Releasing license: Implementation
96 Infos, 1 Warnings, 0 Critical Warnings and 0 Errors encountered.
route_design completed successfully
route_design: Time (s): cpu = 00:00:16 ; elapsed = 00:00:13 . Memory (MB): peak = 2837.484 ; gain = 105.605 ; free physical = 154 ; free virtual = 3268
INFO: [runtcl-4] Executing : report_drc -file mac_drc_routed.rpt -pb mac_drc_routed.pb -rpx mac_drc_routed.rpx
Command: report_drc -file mac_drc_routed.rpt -pb mac_drc_routed.pb -rpx mac_drc_routed.rpx
INFO: [IP_Flow 19-1839] IP Catalog is up to date.
INFO: [DRC 23-27] Running DRC with 8 threads
INFO: [Vivado_Tcl 2-168] The results of DRC are in file /home/kanish/System_Design_through_FPGA/Vivado/mac_assign/mac_assign.runs/impl_1/mac_drc_routed.rpt.
report_drc completed successfully
INFO: [runtcl-4] Executing : report_methodology -file mac_methodology_drc_routed.rpt -pb mac_methodology_drc_routed.pb -rpx mac_methodology_drc_routed.rpx
Command: report_methodology -file mac_methodology_drc_routed.rpt -pb mac_methodology_drc_routed.pb -rpx mac_methodology_drc_routed.rpx
INFO: [Constraints 18-483] create_clock: no pin(s)/port(s)/net(s) specified as objects, only virtual clock 'clk' will be created. If you don't want this, please specify pin(s)/ports(s)/net(s) as objects to the command. [/home/kanish/System_Design_through_FPGA/Vivado/mac_assign/mac_assign.srcs/constrs_1/new/constraints.xdc:55]
INFO: [Timing 38-35] Done setting XDC timing constraints.
INFO: [DRC 23-133] Running Methodology with 8 threads
INFO: [Vivado_Tcl 2-1520] The results of Report Methodology are in file /home/kanish/System_Design_through_FPGA/Vivado/mac_assign/mac_assign.runs/impl_1/mac_methodology_drc_routed.rpt.
report_methodology completed successfully
INFO: [runtcl-4] Executing : report_power -file mac_power_routed.rpt -pb mac_power_summary_routed.pb -rpx mac_power_routed.rpx
Command: report_power -file mac_power_routed.rpt -pb mac_power_summary_routed.pb -rpx mac_power_routed.rpx
INFO: [Constraints 18-483] create_clock: no pin(s)/port(s)/net(s) specified as objects, only virtual clock 'clk' will be created. If you don't want this, please specify pin(s)/ports(s)/net(s) as objects to the command. [/home/kanish/System_Design_through_FPGA/Vivado/mac_assign/mac_assign.srcs/constrs_1/new/constraints.xdc:55]
INFO: [Timing 38-35] Done setting XDC timing constraints.
Running Vector-less Activity Propagation...

Finished Running Vector-less Activity Propagation
108 Infos, 1 Warnings, 0 Critical Warnings and 0 Errors encountered.
report_power completed successfully
INFO: [runtcl-4] Executing : report_route_status -file mac_route_status.rpt -pb mac_route_status.pb
INFO: [runtcl-4] Executing : report_timing_summary -max_paths 10 -report_unconstrained -file mac_timing_summary_routed.rpt -pb mac_timing_summary_routed.pb -rpx mac_timing_summary_routed.rpx -warn_on_violation 
INFO: [Timing 38-91] UpdateTimingParams: Speed grade: -1, Delay Type: min_max.
INFO: [Timing 38-191] Multithreading enabled for timing update using a maximum of 8 CPUs
INFO: [runtcl-4] Executing : report_incremental_reuse -file mac_incremental_reuse_routed.rpt
INFO: [Vivado_Tcl 4-1062] Incremental flow is disabled. No incremental reuse Info to report.
INFO: [runtcl-4] Executing : report_clock_utilization -file mac_clock_utilization_routed.rpt
INFO: [runtcl-4] Executing : report_bus_skew -warn_on_violation -file mac_bus_skew_routed.rpt -pb mac_bus_skew_routed.pb -rpx mac_bus_skew_routed.rpx
INFO: [Timing 38-91] UpdateTimingParams: Speed grade: -1, Delay Type: min_max.
INFO: [Timing 38-191] Multithreading enabled for timing update using a maximum of 8 CPUs
INFO: [Timing 38-480] Writing timing data to binary archive.
Writing XDEF routing.
Writing XDEF routing logical nets.
Writing XDEF routing special nets.
Write XDEF Complete: Time (s): cpu = 00:00:00.03 ; elapsed = 00:00:00.01 . Memory (MB): peak = 2953.156 ; gain = 0.000 ; free physical = 217 ; free virtual = 3197
INFO: [Common 17-1381] The checkpoint '/home/kanish/System_Design_through_FPGA/Vivado/mac_assign/mac_assign.runs/impl_1/mac_routed.dcp' has been generated.
INFO: [Common 17-206] Exiting Vivado at Tue Oct 17 22:28:54 2023...
