Vivado Simulator v2023.1.1
Copyright 1986-2022 Xilinx, Inc. All Rights Reserved.
Copyright 2022-2023 Advanced Micro Devices, Inc. All Rights Reserved.
Running: /home/kanish/xilinx/Vivado/2023.1/bin/unwrapped/lnx64.o/xelab --incr --debug typical --relax --mt 8 --maxdelay -L xil_defaultlib -L simprims_ver -L secureip --snapshot dflipfloptb_time_impl -transport_int_delays -pulse_r 0 -pulse_int_r 0 -pulse_e 0 -pulse_int_e 0 xil_defaultlib.dflipfloptb xil_defaultlib.glbl -log elaborate.log 
Using 8 slave threads.
Starting static elaboration
Pass Through NonSizing Optimizer
Completed static elaboration
Starting simulation data flow analysis
Completed simulation data flow analysis
INFO: [XSIM 43-3451] SDF backannotation process started with SDF file "dflipfloptb_time_impl.sdf", for root module "dflipfloptb/uut".
INFO: [XSIM 43-3452] SDF backannotation was successful for SDF file "dflipfloptb_time_impl.sdf", for root module "dflipfloptb/uut".
Time Resolution for simulation is 1ps
Compiling module simprims_ver.BUFG
Compiling module simprims_ver.IBUF
Compiling module simprims_ver.OBUF
Compiling module simprims_ver.FDRE_default
Compiling module xil_defaultlib.dflipflop
Compiling module xil_defaultlib.dflipfloptb
Compiling module xil_defaultlib.glbl
Built simulation snapshot dflipfloptb_time_impl
